Log file open, 01/29/21 09:47:15
LogInit: Display: Running engine for game: GameJam2021
LogPlatformFile: Not using cached read wrapper
LogTaskGraph: Started task graph with 5 named threads and 35 total threads with 3 sets of task threads.
LogStats: Stats thread started at 0.218133
LogD3D11RHI: Loaded GFSDK_Aftermath_Lib.x64.dll
LogICUInternationalization: ICU TimeZone Detection - Raw Offset: -6:00, Platform Override: ''
LogPluginManager: Mounting plugin Paper2D
LogPluginManager: Mounting plugin AISupport
LogPluginManager: Mounting plugin LightPropagationVolume
LogPluginManager: Mounting plugin CameraShakePreviewer
LogPluginManager: Mounting plugin ActorLayerUtilities
LogPluginManager: Mounting plugin AnimationSharing
LogPluginManager: Mounting plugin CLionSourceCodeAccess
LogPluginManager: Mounting plugin CodeLiteSourceCodeAccess
LogPluginManager: Mounting plugin GitSourceControl
LogPluginManager: Mounting plugin KDevelopSourceCodeAccess
LogPluginManager: Mounting plugin NullSourceCodeAccess
LogPluginManager: Mounting plugin PerforceSourceControl
LogPluginManager: Mounting plugin PlasticSourceControl
LogPluginManager: Mounting plugin RiderSourceCodeAccess
LogPluginManager: Mounting plugin SubversionSourceControl
LogPluginManager: Mounting plugin UObjectPlugin
LogPluginManager: Mounting plugin VisualStudioCodeSourceCodeAccess
LogPluginManager: Mounting plugin VisualStudioSourceCodeAccess
LogPluginManager: Mounting plugin XCodeSourceCodeAccess
LogPluginManager: Mounting plugin AssetManagerEditor
LogPluginManager: Mounting plugin CryptoKeys
LogPluginManager: Mounting plugin CurveEditorTools
LogPluginManager: Mounting plugin DataValidation
LogPluginManager: Mounting plugin EditorScriptingUtilities
LogPluginManager: Mounting plugin FacialAnimation
LogPluginManager: Mounting plugin GameplayTagsEditor
LogPluginManager: Mounting plugin GeometryMode
LogPluginManager: Mounting plugin MacGraphicsSwitching
LogPluginManager: Mounting plugin MaterialAnalyzer
LogPluginManager: Mounting plugin MobileLauncherProfileWizard
LogPluginManager: Mounting plugin PluginBrowser
LogPluginManager: Mounting plugin SpeedTreeImporter
LogPluginManager: Mounting plugin DatasmithContent
LogPluginManager: Mounting plugin VariantManagerContent
LogPluginManager: Mounting plugin AlembicImporter
LogPluginManager: Mounting plugin AutomationUtils
LogPluginManager: Mounting plugin BackChannel
LogPluginManager: Mounting plugin ChaosCloth
LogPluginManager: Mounting plugin ChaosClothEditor
LogPluginManager: Mounting plugin ChaosEditor
LogPluginManager: Mounting plugin ChaosNiagara
LogPluginManager: Mounting plugin ChaosSolverPlugin
LogPluginManager: Mounting plugin CharacterAI
LogPluginManager: Mounting plugin GeometryCache
LogPluginManager: Mounting plugin GeometryCollectionPlugin
LogPluginManager: Mounting plugin GeometryProcessing
LogPluginManager: Mounting plugin PlanarCut
LogPluginManager: Mounting plugin PlatformCrypto
LogPluginManager: Mounting plugin ProxyLODPlugin
LogPluginManager: Mounting plugin SkeletalReduction
LogPluginManager: Mounting plugin Niagara
LogPluginManager: Mounting plugin MagicLeap
LogPluginManager: Mounting plugin MagicLeapLightEstimation
LogPluginManager: Mounting plugin MagicLeapMedia
LogPluginManager: Mounting plugin MagicLeapPassableWorld
LogPluginManager: Mounting plugin MLSDK
LogPluginManager: Mounting plugin AndroidMedia
LogPluginManager: Mounting plugin AvfMedia
LogPluginManager: Mounting plugin ImgMedia
LogPluginManager: Mounting plugin MediaCompositing
LogPluginManager: Mounting plugin MediaPlayerEditor
LogPluginManager: Mounting plugin WebMMedia
LogPluginManager: Mounting plugin WmfMedia
LogPluginManager: Mounting plugin MeshPainting
LogPluginManager: Mounting plugin TcpMessaging
LogPluginManager: Mounting plugin UdpMessaging
LogPluginManager: Mounting plugin ActorSequence
LogPluginManager: Mounting plugin LevelSequenceEditor
LogPluginManager: Mounting plugin MatineeToLevelSequence
LogPluginManager: Mounting plugin MovieRenderPipeline
LogPluginManager: Mounting plugin TemplateSequence
LogPluginManager: Mounting plugin NetcodeUnitTest
LogPluginManager: Mounting plugin NUTUnrealEngine4
LogPluginManager: Mounting plugin OnlineSubsystemGooglePlay
LogPluginManager: Mounting plugin OnlineSubsystemIOS
LogPluginManager: Mounting plugin OnlineSubsystem
LogPluginManager: Mounting plugin OnlineSubsystemNull
LogPluginManager: Mounting plugin OnlineSubsystemUtils
LogPluginManager: Mounting plugin LauncherChunkInstaller
LogPluginManager: Mounting plugin AndroidDeviceProfileSelector
LogPluginManager: Mounting plugin AndroidMoviePlayer
LogPluginManager: Mounting plugin AndroidPermission
LogPluginManager: Mounting plugin AppleImageUtils
LogPluginManager: Mounting plugin AppleMoviePlayer
LogPluginManager: Mounting plugin ArchVisCharacter
LogPluginManager: Mounting plugin AssetTags
LogPluginManager: Mounting plugin AudioCapture
LogPluginManager: Mounting plugin CableComponent
LogPluginManager: Mounting plugin CustomMeshComponent
LogPluginManager: Mounting plugin EditableMesh
LogPluginManager: Mounting plugin ExampleDeviceProfileSelector
LogPluginManager: Mounting plugin GoogleCloudMessaging
LogPluginManager: Mounting plugin GooglePAD
LogPluginManager: Mounting plugin IOSDeviceProfileSelector
LogPluginManager: Mounting plugin LinuxDeviceProfileSelector
LogPluginManager: Mounting plugin LocationServicesBPLibrary
LogPluginManager: Mounting plugin MobilePatchingUtils
LogPluginManager: Mounting plugin OculusVR
LogPluginManager: Mounting plugin PhysXVehicles
LogPluginManager: Mounting plugin PostSplashScreen
LogPluginManager: Mounting plugin ProceduralMeshComponent
LogPluginManager: Mounting plugin RuntimePhysXCooking
LogPluginManager: Mounting plugin SignificanceManager
LogPluginManager: Mounting plugin SoundFields
LogPluginManager: Mounting plugin SteamVR
LogPluginManager: Mounting plugin Synthesis
LogPluginManager: Mounting plugin WebMMoviePlayer
LogPluginManager: Mounting plugin WindowsMoviePlayer
LogPluginManager: Mounting plugin ScreenshotTools
LogInit: Using libcurl 7.55.1-DEV
LogInit:  - built for x86_64-pc-win32
LogInit:  - supports SSL with OpenSSL/1.1.1
LogInit:  - supports HTTP deflate (compression) using libz 1.2.8
LogInit:  - other features:
LogInit:      CURL_VERSION_SSL
LogInit:      CURL_VERSION_LIBZ
LogInit:      CURL_VERSION_IPV6
LogInit:      CURL_VERSION_ASYNCHDNS
LogInit:      CURL_VERSION_LARGEFILE
LogInit:      CURL_VERSION_IDN
LogInit:  CurlRequestOptions (configurable via config and command line):
LogInit:  - bVerifyPeer = true  - Libcurl will verify peer certificate
LogInit:  - bUseHttpProxy = false  - Libcurl will NOT use HTTP proxy
LogInit:  - bDontReuseConnections = false  - Libcurl will reuse connections
LogInit:  - MaxHostConnections = 16  - Libcurl will limit the number of connections to a host
LogInit:  - LocalHostAddr = Default
LogInit:  - BufferSize = 65536
LogOnline: OSS: Creating online subsystem instance for: NULL
LogInit: WinSock: version 1.1 (2.2), MaxSocks=32767, MaxUdp=65467
LogOnline: OSS: TryLoadSubsystemAndSetDefault: Loaded subsystem for module [NULL]
LogInit: Build: ++UE4+Release-4.25-CL-14469661
LogInit: Engine Version: 4.25.4-14469661+++UE4+Release-4.25
LogInit: Compatible Engine Version: 4.25.0-13144385+++UE4+Release-4.25
LogInit: Net CL: 13144385
LogInit: OS: Windows 10 (Release 2004) (), CPU: Intel(R) Core(TM) i7-8750H CPU @ 2.20GHz, GPU: Intel(R) UHD Graphics 630
LogInit: Compiled (64-bit): Oct 11 2020 08:10:49
LogInit: Compiled with Visual C++: 19.24.28315.00
LogInit: Build Configuration: Development
LogInit: Branch Name: ++UE4+Release-4.25
LogInit: Command Line:  -EpicPortal -epicusername="Sir Bup" -epicuserid=ad2958ef8ceb4dc3a17c6a5a05ce3243 -epiclocale=en
LogInit: Base Directory: D:/Program Files/Epic Games/UE_4.25/Engine/Binaries/Win64/
LogInit: Allocator: TBB
LogInit: Installed Engine Build: 1
LogDevObjectVersion: Number of dev versions registered: 26
LogDevObjectVersion:   Dev-Blueprints (B0D832E4-1F89-4F0D-ACCF-7EB736FD4AA2): 10
LogDevObjectVersion:   Dev-Build (E1C64328-A22C-4D53-A36C-8E866417BD8C): 0
LogDevObjectVersion:   Dev-Core (375EC13C-06E4-48FB-B500-84F0262A717E): 4
LogDevObjectVersion:   Dev-Editor (E4B068ED-F494-42E9-A231-DA0B2E46BB41): 38
LogDevObjectVersion:   Dev-Framework (CFFC743F-43B0-4480-9391-14DF171D2073): 37
LogDevObjectVersion:   Dev-Mobile (B02B49B5-BB20-44E9-A304-32B752E40360): 2
LogDevObjectVersion:   Dev-Networking (A4E4105C-59A1-49B5-A7C5-40C4547EDFEE): 0
LogDevObjectVersion:   Dev-Online (39C831C9-5AE6-47DC-9A44-9C173E1C8E7C): 0
LogDevObjectVersion:   Dev-Physics (78F01B33-EBEA-4F98-B9B4-84EACCB95AA2): 4
LogDevObjectVersion:   Dev-Platform (6631380F-2D4D-43E0-8009-CF276956A95A): 0
LogDevObjectVersion:   Dev-Rendering (12F88B9F-8875-4AFC-A67C-D90C383ABD29): 43
LogDevObjectVersion:   Dev-Sequencer (7B5AE74C-D270-4C10-A958-57980B212A5A): 12
LogDevObjectVersion:   Dev-VR (D7296918-1DD6-4BDD-9DE2-64A83CC13884): 3
LogDevObjectVersion:   Dev-LoadTimes (C2A15278-BFE7-4AFE-6C17-90FF531DF755): 1
LogDevObjectVersion:   Private-Geometry (6EACA3D4-40EC-4CC1-B786-8BED09428FC5): 3
LogDevObjectVersion:   Dev-AnimPhys (29E575DD-E0A3-4627-9D10-D276232CDCEA): 17
LogDevObjectVersion:   Dev-Anim (AF43A65D-7FD3-4947-9873-3E8ED9C1BB05): 7
LogDevObjectVersion:   Dev-ReflectionCapture (6B266CEC-1EC7-4B8F-A30B-E4D90942FC07): 1
LogDevObjectVersion:   Dev-Automation (0DF73D61-A23F-47EA-B727-89E90C41499A): 1
LogDevObjectVersion:   FortniteMain (601D1886-AC64-4F84-AA16-D3DE0DEAC7D6): 31
LogDevObjectVersion:   Dev-Enterprise (9DFFBCD6-494F-0158-E221-12823C92A888): 10
LogDevObjectVersion:   Dev-Niagara (F2AED0AC-9AFE-416F-8664-AA7FFA26D6FC): 1
LogDevObjectVersion:   Dev-Destruction (174F1F0B-B4C6-45A5-B13F-2EE8D0FB917D): 10
LogDevObjectVersion:   Dev-Physics-Ext (35F94A83-E258-406C-A318-09F59610247C): 37
LogDevObjectVersion:   Dev-PhysicsMaterial-Chaos (B68FC16E-8B1B-42E2-B453-215C058844FE): 1
LogDevObjectVersion:   Dev-CineCamera (B2E18506-4273-CFC2-A54E-F4BB758BBA07): 1
LogInit: Presizing for max 25165824 objects, including 0 objects not considered by GC, pre-allocating 0 bytes for permanent pool.
LogConfig: Applying CVar settings from Section [/Script/Engine.StreamingSettings] File [D:/GitKraken/GameJam2021/GameJam2021/Saved/Config/Windows/Engine.ini]
LogConfig: Setting CVar [[s.MinBulkDataSizeForAsyncLoading:131072]]
LogConfig: Setting CVar [[s.AsyncLoadingThreadEnabled:0]]
LogConfig: Setting CVar [[s.EventDrivenLoaderEnabled:1]]
LogConfig: Setting CVar [[s.WarnIfTimeLimitExceeded:0]]
LogConfig: Setting CVar [[s.TimeLimitExceededMultiplier:1.5]]
LogConfig: Setting CVar [[s.TimeLimitExceededMinTime:0.005]]
LogConfig: Setting CVar [[s.UseBackgroundLevelStreaming:1]]
LogConfig: Setting CVar [[s.PriorityAsyncLoadingExtraTime:15.0]]
LogConfig: Setting CVar [[s.LevelStreamingActorsUpdateTimeLimit:5.0]]
LogConfig: Setting CVar [[s.PriorityLevelStreamingActorsUpdateExtraTime:5.0]]
LogConfig: Setting CVar [[s.LevelStreamingComponentsRegistrationGranularity:10]]
LogConfig: Setting CVar [[s.UnregisterComponentsTimeLimit:1.0]]
LogConfig: Setting CVar [[s.LevelStreamingComponentsUnregistrationGranularity:5]]
LogConfig: Setting CVar [[s.FlushStreamingOnExit:1]]
LogInit: Object subsystem initialized
LogConfig: Setting CVar [[con.DebugEarlyDefault:1]]
LogConfig: Setting CVar [[r.setres:1280x720]]
[2021.01.29-15.47.15:512][  0]LogConfig: Setting CVar [[r.VSync:0]]
[2021.01.29-15.47.15:512][  0]LogConfig: Setting CVar [[r.RHICmdBypass:0]]
[2021.01.29-15.47.15:512][  0]LogConfig: Applying CVar settings from Section [/Script/Engine.RendererSettings] File [D:/GitKraken/GameJam2021/GameJam2021/Saved/Config/Windows/Engine.ini]
[2021.01.29-15.47.15:512][  0]LogConfig: Setting CVar [[r.GPUCrashDebugging:0]]
[2021.01.29-15.47.15:512][  0]LogConfig: Applying CVar settings from Section [/Script/Engine.RendererOverrideSettings] File [D:/GitKraken/GameJam2021/GameJam2021/Saved/Config/Windows/Engine.ini]
[2021.01.29-15.47.15:512][  0]LogConfig: Applying CVar settings from Section [/Script/Engine.StreamingSettings] File [D:/GitKraken/GameJam2021/GameJam2021/Saved/Config/Windows/Engine.ini]
[2021.01.29-15.47.15:512][  0]LogConfig: Setting CVar [[s.MinBulkDataSizeForAsyncLoading:131072]]
[2021.01.29-15.47.15:512][  0]LogConfig: Setting CVar [[s.AsyncLoadingThreadEnabled:0]]
[2021.01.29-15.47.15:512][  0]LogConfig: Setting CVar [[s.EventDrivenLoaderEnabled:1]]
[2021.01.29-15.47.15:512][  0]LogConfig: Setting CVar [[s.WarnIfTimeLimitExceeded:0]]
[2021.01.29-15.47.15:512][  0]LogConfig: Setting CVar [[s.TimeLimitExceededMultiplier:1.5]]
[2021.01.29-15.47.15:512][  0]LogConfig: Setting CVar [[s.TimeLimitExceededMinTime:0.005]]
[2021.01.29-15.47.15:512][  0]LogConfig: Setting CVar [[s.UseBackgroundLevelStreaming:1]]
[2021.01.29-15.47.15:512][  0]LogConfig: Setting CVar [[s.PriorityAsyncLoadingExtraTime:15.0]]
[2021.01.29-15.47.15:512][  0]LogConfig: Setting CVar [[s.LevelStreamingActorsUpdateTimeLimit:5.0]]
[2021.01.29-15.47.15:512][  0]LogConfig: Setting CVar [[s.PriorityLevelStreamingActorsUpdateExtraTime:5.0]]
[2021.01.29-15.47.15:513][  0]LogConfig: Setting CVar [[s.LevelStreamingComponentsRegistrationGranularity:10]]
[2021.01.29-15.47.15:513][  0]LogConfig: Setting CVar [[s.UnregisterComponentsTimeLimit:1.0]]
[2021.01.29-15.47.15:513][  0]LogConfig: Setting CVar [[s.LevelStreamingComponentsUnregistrationGranularity:5]]
[2021.01.29-15.47.15:513][  0]LogConfig: Setting CVar [[s.FlushStreamingOnExit:1]]
[2021.01.29-15.47.15:513][  0]LogConfig: Applying CVar settings from Section [/Script/Engine.GarbageCollectionSettings] File [D:/GitKraken/GameJam2021/GameJam2021/Saved/Config/Windows/Engine.ini]
[2021.01.29-15.47.15:513][  0]LogConfig: Setting CVar [[gc.MaxObjectsNotConsideredByGC:1]]
[2021.01.29-15.47.15:513][  0]LogConfig: Setting CVar [[gc.SizeOfPermanentObjectPool:0]]
[2021.01.29-15.47.15:513][  0]LogConfig: Setting CVar [[gc.FlushStreamingOnGC:0]]
[2021.01.29-15.47.15:513][  0]LogConfig: Setting CVar [[gc.NumRetriesBeforeForcingGC:10]]
[2021.01.29-15.47.15:513][  0]LogConfig: Setting CVar [[gc.AllowParallelGC:1]]
[2021.01.29-15.47.15:513][  0]LogConfig: Setting CVar [[gc.TimeBetweenPurgingPendingKillObjects:61.1]]
[2021.01.29-15.47.15:513][  0]LogConfig: Setting CVar [[gc.MaxObjectsInEditor:25165824]]
[2021.01.29-15.47.15:513][  0]LogConfig: Setting CVar [[gc.IncrementalBeginDestroyEnabled:1]]
[2021.01.29-15.47.15:513][  0]LogConfig: Setting CVar [[gc.CreateGCClusters:1]]
[2021.01.29-15.47.15:513][  0]LogConfig: Setting CVar [[gc.MinGCClusterSize:5]]
[2021.01.29-15.47.15:513][  0]LogConfig: Setting CVar [[gc.ActorClusteringEnabled:0]]
[2021.01.29-15.47.15:513][  0]LogConfig: Setting CVar [[gc.BlueprintClusteringEnabled:0]]
[2021.01.29-15.47.15:513][  0]LogConfig: Setting CVar [[gc.UseDisregardForGCOnDedicatedServers:0]]
[2021.01.29-15.47.15:513][  0]LogConfig: Applying CVar settings from Section [/Script/Engine.NetworkSettings] File [D:/GitKraken/GameJam2021/GameJam2021/Saved/Config/Windows/Engine.ini]
[2021.01.29-15.47.15:513][  0]LogConfig: Applying CVar settings from Section [/Script/UnrealEd.CookerSettings] File [D:/GitKraken/GameJam2021/GameJam2021/Saved/Config/Windows/Engine.ini]
[2021.01.29-15.47.15:516][  0]LogConfig: Applying CVar settings from Section [ViewDistanceQuality@3] File [D:/GitKraken/GameJam2021/GameJam2021/Saved/Config/Windows/Scalability.ini]
[2021.01.29-15.47.15:516][  0]LogConfig: Setting CVar [[r.SkeletalMeshLODBias:0]]
[2021.01.29-15.47.15:516][  0]LogConfig: Setting CVar [[r.ViewDistanceScale:1.0]]
[2021.01.29-15.47.15:516][  0]LogConfig: Applying CVar settings from Section [AntiAliasingQuality@3] File [D:/GitKraken/GameJam2021/GameJam2021/Saved/Config/Windows/Scalability.ini]
[2021.01.29-15.47.15:516][  0]LogConfig: Setting CVar [[r.PostProcessAAQuality:4]]
[2021.01.29-15.47.15:516][  0]LogConfig: Applying CVar settings from Section [ShadowQuality@3] File [D:/GitKraken/GameJam2021/GameJam2021/Saved/Config/Windows/Scalability.ini]
[2021.01.29-15.47.15:516][  0]LogConfig: Setting CVar [[r.LightFunctionQuality:1]]
[2021.01.29-15.47.15:516][  0]LogConfig: Setting CVar [[r.ShadowQuality:5]]
[2021.01.29-15.47.15:516][  0]LogConfig: Setting CVar [[r.Shadow.CSM.MaxCascades:10]]
[2021.01.29-15.47.15:516][  0]LogConfig: Setting CVar [[r.Shadow.MaxResolution:2048]]
[2021.01.29-15.47.15:516][  0]LogConfig: Setting CVar [[r.Shadow.MaxCSMResolution:2048]]
[2021.01.29-15.47.15:516][  0]LogConfig: Setting CVar [[r.Shadow.RadiusThreshold:0.01]]
[2021.01.29-15.47.15:516][  0]LogConfig: Setting CVar [[r.Shadow.DistanceScale:1.0]]
[2021.01.29-15.47.15:516][  0]LogConfig: Setting CVar [[r.Shadow.CSM.TransitionScale:1.0]]
[2021.01.29-15.47.15:516][  0]LogConfig: Setting CVar [[r.Shadow.PreShadowResolutionFactor:1.0]]
[2021.01.29-15.47.15:516][  0]LogConfig: Setting CVar [[r.DistanceFieldShadowing:1]]
[2021.01.29-15.47.15:516][  0]LogConfig: Setting CVar [[r.DistanceFieldAO:1]]
[2021.01.29-15.47.15:516][  0]LogConfig: Setting CVar [[r.AOQuality:2]]
[2021.01.29-15.47.15:516][  0]LogConfig: Setting CVar [[r.VolumetricFog:1]]
[2021.01.29-15.47.15:516][  0]LogConfig: Setting CVar [[r.VolumetricFog.GridPixelSize:8]]
[2021.01.29-15.47.15:516][  0]LogConfig: Setting CVar [[r.VolumetricFog.GridSizeZ:128]]
[2021.01.29-15.47.15:516][  0]LogConfig: Setting CVar [[r.VolumetricFog.HistoryMissSupersampleCount:4]]
[2021.01.29-15.47.15:516][  0]LogConfig: Setting CVar [[r.LightMaxDrawDistanceScale:1]]
[2021.01.29-15.47.15:516][  0]LogConfig: Setting CVar [[r.CapsuleShadows:1]]
[2021.01.29-15.47.15:516][  0]LogConfig: Applying CVar settings from Section [PostProcessQuality@3] File [D:/GitKraken/GameJam2021/GameJam2021/Saved/Config/Windows/Scalability.ini]
[2021.01.29-15.47.15:516][  0]LogConfig: Setting CVar [[r.MotionBlurQuality:4]]
[2021.01.29-15.47.15:516][  0]LogConfig: Setting CVar [[r.AmbientOcclusionMipLevelFactor:0.4]]
[2021.01.29-15.47.15:516][  0]LogConfig: Setting CVar [[r.AmbientOcclusionMaxQuality:100]]
[2021.01.29-15.47.15:516][  0]LogConfig: Setting CVar [[r.AmbientOcclusionLevels:-1]]
[2021.01.29-15.47.15:516][  0]LogConfig: Setting CVar [[r.AmbientOcclusionRadiusScale:1.0]]
[2021.01.29-15.47.15:516][  0]LogConfig: Setting CVar [[r.DepthOfFieldQuality:2]]
[2021.01.29-15.47.15:516][  0]LogConfig: Setting CVar [[r.RenderTargetPoolMin:400]]
[2021.01.29-15.47.15:516][  0]LogConfig: Setting CVar [[r.LensFlareQuality:2]]
[2021.01.29-15.47.15:516][  0]LogConfig: Setting CVar [[r.SceneColorFringeQuality:1]]
[2021.01.29-15.47.15:516][  0]LogConfig: Setting CVar [[r.EyeAdaptationQuality:2]]
[2021.01.29-15.47.15:516][  0]LogConfig: Setting CVar [[r.BloomQuality:5]]
[2021.01.29-15.47.15:516][  0]LogConfig: Setting CVar [[r.FastBlurThreshold:100]]
[2021.01.29-15.47.15:516][  0]LogConfig: Setting CVar [[r.Upscale.Quality:3]]
[2021.01.29-15.47.15:516][  0]LogConfig: Setting CVar [[r.Tonemapper.GrainQuantization:1]]
[2021.01.29-15.47.15:516][  0]LogConfig: Setting CVar [[r.LightShaftQuality:1]]
[2021.01.29-15.47.15:516][  0]LogConfig: Setting CVar [[r.Filter.SizeScale:1]]
[2021.01.29-15.47.15:516][  0]LogConfig: Setting CVar [[r.Tonemapper.Quality:5]]
[2021.01.29-15.47.15:516][  0]LogConfig: Setting CVar [[r.DOF.Gather.AccumulatorQuality:1        ; higher gathering accumulator quality]]
[2021.01.29-15.47.15:516][  0]LogConfig: Setting CVar [[r.DOF.Gather.PostfilterMethod:1          ; Median3x3 postfilering method]]
[2021.01.29-15.47.15:516][  0]LogConfig: Setting CVar [[r.DOF.Gather.EnableBokehSettings:0       ; no bokeh simulation when gathering]]
[2021.01.29-15.47.15:516][  0]LogConfig: Setting CVar [[r.DOF.Gather.RingCount:4                 ; medium number of samples when gathering]]
[2021.01.29-15.47.15:516][  0]LogConfig: Setting CVar [[r.DOF.Scatter.ForegroundCompositing:1    ; additive foreground scattering]]
[2021.01.29-15.47.15:516][  0]LogConfig: Setting CVar [[r.DOF.Scatter.BackgroundCompositing:2    ; additive background scattering]]
[2021.01.29-15.47.15:516][  0]LogConfig: Setting CVar [[r.DOF.Scatter.EnableBokehSettings:1      ; bokeh simulation when scattering]]
[2021.01.29-15.47.15:516][  0]LogConfig: Setting CVar [[r.DOF.Scatter.MaxSpriteRatio:0.1         ; only a maximum of 10% of scattered bokeh]]
[2021.01.29-15.47.15:517][  0]LogConfig: Setting CVar [[r.DOF.Recombine.Quality:1                ; cheap slight out of focus]]
[2021.01.29-15.47.15:517][  0]LogConfig: Setting CVar [[r.DOF.Recombine.EnableBokehSettings:0    ; no bokeh simulation on slight out of focus]]
[2021.01.29-15.47.15:517][  0]LogConfig: Setting CVar [[r.DOF.TemporalAAQuality:1                ; more stable temporal accumulation]]
[2021.01.29-15.47.15:517][  0]LogConfig: Setting CVar [[r.DOF.Kernel.MaxForegroundRadius:0.025]]
[2021.01.29-15.47.15:517][  0]LogConfig: Setting CVar [[r.DOF.Kernel.MaxBackgroundRadius:0.025]]
[2021.01.29-15.47.15:517][  0]LogConfig: Applying CVar settings from Section [TextureQuality@3] File [D:/GitKraken/GameJam2021/GameJam2021/Saved/Config/Windows/Scalability.ini]
[2021.01.29-15.47.15:517][  0]LogConfig: Setting CVar [[r.Streaming.MipBias:0]]
[2021.01.29-15.47.15:517][  0]LogConfig: Setting CVar [[r.Streaming.AmortizeCPUToGPUCopy:0]]
[2021.01.29-15.47.15:517][  0]LogConfig: Setting CVar [[r.Streaming.MaxNumTexturesToStreamPerFrame:0]]
[2021.01.29-15.47.15:517][  0]LogConfig: Setting CVar [[r.Streaming.Boost:1]]
[2021.01.29-15.47.15:517][  0]LogConfig: Setting CVar [[r.MaxAnisotropy:8]]
[2021.01.29-15.47.15:517][  0]LogConfig: Setting CVar [[r.VT.MaxAnisotropy:8]]
[2021.01.29-15.47.15:517][  0]LogConfig: Setting CVar [[r.Streaming.LimitPoolSizeToVRAM:0]]
[2021.01.29-15.47.15:517][  0]LogConfig: Setting CVar [[r.Streaming.PoolSize:1000]]
[2021.01.29-15.47.15:517][  0]LogConfig: Setting CVar [[r.Streaming.MaxEffectiveScreenSize:0]]
[2021.01.29-15.47.15:517][  0]LogConfig: Applying CVar settings from Section [EffectsQuality@3] File [D:/GitKraken/GameJam2021/GameJam2021/Saved/Config/Windows/Scalability.ini]
[2021.01.29-15.47.15:517][  0]LogConfig: Setting CVar [[r.TranslucencyLightingVolumeDim:64]]
[2021.01.29-15.47.15:517][  0]LogConfig: Setting CVar [[r.RefractionQuality:2]]
[2021.01.29-15.47.15:517][  0]LogConfig: Setting CVar [[r.SSR.Quality:3]]
[2021.01.29-15.47.15:517][  0]LogConfig: Setting CVar [[r.SSR.HalfResSceneColor:0]]
[2021.01.29-15.47.15:517][  0]LogConfig: Setting CVar [[r.SceneColorFormat:4]]
[2021.01.29-15.47.15:517][  0]LogConfig: Setting CVar [[r.DetailMode:2]]
[2021.01.29-15.47.15:517][  0]LogConfig: Setting CVar [[r.TranslucencyVolumeBlur:1]]
[2021.01.29-15.47.15:517][  0]LogConfig: Setting CVar [[r.MaterialQualityLevel:1 ; High quality]]
[2021.01.29-15.47.15:517][  0]LogConfig: Setting CVar [[r.SSS.Scale:1]]
[2021.01.29-15.47.15:517][  0]LogConfig: Setting CVar [[r.SSS.SampleSet:2]]
[2021.01.29-15.47.15:517][  0]LogConfig: Setting CVar [[r.SSS.Quality:1]]
[2021.01.29-15.47.15:517][  0]LogConfig: Setting CVar [[r.SSS.HalfRes:0]]
[2021.01.29-15.47.15:517][  0]LogConfig: Setting CVar [[r.SSGI.Quality:3]]
[2021.01.29-15.47.15:517][  0]LogConfig: Setting CVar [[r.EmitterSpawnRateScale:1.0]]
[2021.01.29-15.47.15:517][  0]LogConfig: Setting CVar [[r.ParticleLightQuality:2]]
[2021.01.29-15.47.15:517][  0]LogConfig: Setting CVar [[r.SkyAtmosphere.AerialPerspectiveLUT.FastApplyOnOpaque:1 ; Always have FastSkyLUT 1 in this case to avoid wrong sky]]
[2021.01.29-15.47.15:517][  0]LogConfig: Setting CVar [[r.SkyAtmosphere.AerialPerspectiveLUT.SampleCountPerSlice:1]]
[2021.01.29-15.47.15:517][  0]LogConfig: Setting CVar [[r.SkyAtmosphere.AerialPerspectiveLUT.DepthResolution:16.0]]
[2021.01.29-15.47.15:517][  0]LogConfig: Setting CVar [[r.SkyAtmosphere.FastSkyLUT:1]]
[2021.01.29-15.47.15:517][  0]LogConfig: Setting CVar [[r.SkyAtmosphere.FastSkyLUT.SampleCountMin:4.0]]
[2021.01.29-15.47.15:517][  0]LogConfig: Setting CVar [[r.SkyAtmosphere.FastSkyLUT.SampleCountMax:32.0]]
[2021.01.29-15.47.15:517][  0]LogConfig: Setting CVar [[r.SkyAtmosphere.SampleCountMin:4.0]]
[2021.01.29-15.47.15:517][  0]LogConfig: Setting CVar [[r.SkyAtmosphere.SampleCountMax:32.0]]
[2021.01.29-15.47.15:517][  0]LogConfig: Setting CVar [[r.SkyAtmosphere.TransmittanceLUT.UseSmallFormat:0]]
[2021.01.29-15.47.15:517][  0]LogConfig: Setting CVar [[r.SkyAtmosphere.TransmittanceLUT.SampleCount:10.0]]
[2021.01.29-15.47.15:517][  0]LogConfig: Setting CVar [[r.SkyAtmosphere.MultiScatteringLUT.SampleCount:15.0]]
[2021.01.29-15.47.15:517][  0]LogConfig: Applying CVar settings from Section [FoliageQuality@3] File [D:/GitKraken/GameJam2021/GameJam2021/Saved/Config/Windows/Scalability.ini]
[2021.01.29-15.47.15:517][  0]LogConfig: Setting CVar [[foliage.DensityScale:1.0]]
[2021.01.29-15.47.15:517][  0]LogConfig: Setting CVar [[grass.DensityScale:1.0]]
[2021.01.29-15.47.15:517][  0]LogConfig: Applying CVar settings from Section [ShadingQuality@3] File [D:/GitKraken/GameJam2021/GameJam2021/Saved/Config/Windows/Scalability.ini]
[2021.01.29-15.47.15:517][  0]LogConfig: Setting CVar [[r.HairStrands.SkyLighting.SampleCount:16]]
[2021.01.29-15.47.15:517][  0]LogConfig: Setting CVar [[r.HairStrands.SkyLighting.JitterIntegration:0]]
[2021.01.29-15.47.15:517][  0]LogConfig: Setting CVar [[r.HairStrands.SkyAO.SampleCount:16]]
[2021.01.29-15.47.15:517][  0]LogConfig: Setting CVar [[r.HairStrands.DeepShadow.SuperSampling:0]]
[2021.01.29-15.47.15:517][  0]LogConfig: Setting CVar [[r.HairStrands.VisibilityPPLL:0]]
[2021.01.29-15.47.15:517][  0]LogConfig: Setting CVar [[r.HairStrands.RasterizationScale:0.5]]
[2021.01.29-15.47.15:517][  0]LogConfig: Setting CVar [[r.HairStrands.VelocityRasterizationScale:1]]
[2021.01.29-15.47.15:517][  0]LogInit: Selected Device Profile: [Windows]
[2021.01.29-15.47.15:517][  0]LogInit: Applying CVar settings loaded from the selected device profile: [Windows]
[2021.01.29-15.47.15:517][  0]LogHAL: Display: Platform has ~ 32 GB [34198024192 / 34359738368 / 32], which maps to Largest [LargestMinGB=32, LargerMinGB=12, DefaultMinGB=8, SmallerMinGB=6, SmallestMinGB=0)
[2021.01.29-15.47.15:517][  0]LogInit: Going up to parent DeviceProfile []
[2021.01.29-15.47.15:517][  0]LogConfig: Applying CVar settings from Section [ViewDistanceQuality@3] File [D:/GitKraken/GameJam2021/GameJam2021/Saved/Config/Windows/Scalability.ini]
[2021.01.29-15.47.15:517][  0]LogConfig: Setting CVar [[r.SkeletalMeshLODBias:0]]
[2021.01.29-15.47.15:517][  0]LogConfig: Setting CVar [[r.ViewDistanceScale:1.0]]
[2021.01.29-15.47.15:517][  0]LogConfig: Applying CVar settings from Section [AntiAliasingQuality@3] File [D:/GitKraken/GameJam2021/GameJam2021/Saved/Config/Windows/Scalability.ini]
[2021.01.29-15.47.15:517][  0]LogConfig: Setting CVar [[r.PostProcessAAQuality:4]]
[2021.01.29-15.47.15:517][  0]LogConfig: Applying CVar settings from Section [ShadowQuality@3] File [D:/GitKraken/GameJam2021/GameJam2021/Saved/Config/Windows/Scalability.ini]
[2021.01.29-15.47.15:517][  0]LogConfig: Setting CVar [[r.LightFunctionQuality:1]]
[2021.01.29-15.47.15:517][  0]LogConfig: Setting CVar [[r.ShadowQuality:5]]
[2021.01.29-15.47.15:517][  0]LogConfig: Setting CVar [[r.Shadow.CSM.MaxCascades:10]]
[2021.01.29-15.47.15:517][  0]LogConfig: Setting CVar [[r.Shadow.MaxResolution:2048]]
[2021.01.29-15.47.15:517][  0]LogConfig: Setting CVar [[r.Shadow.MaxCSMResolution:2048]]
[2021.01.29-15.47.15:517][  0]LogConfig: Setting CVar [[r.Shadow.RadiusThreshold:0.01]]
[2021.01.29-15.47.15:518][  0]LogConfig: Setting CVar [[r.Shadow.DistanceScale:1.0]]
[2021.01.29-15.47.15:518][  0]LogConfig: Setting CVar [[r.Shadow.CSM.TransitionScale:1.0]]
[2021.01.29-15.47.15:518][  0]LogConfig: Setting CVar [[r.Shadow.PreShadowResolutionFactor:1.0]]
[2021.01.29-15.47.15:518][  0]LogConfig: Setting CVar [[r.DistanceFieldShadowing:1]]
[2021.01.29-15.47.15:518][  0]LogConfig: Setting CVar [[r.DistanceFieldAO:1]]
[2021.01.29-15.47.15:518][  0]LogConfig: Setting CVar [[r.AOQuality:2]]
[2021.01.29-15.47.15:518][  0]LogConfig: Setting CVar [[r.VolumetricFog:1]]
[2021.01.29-15.47.15:518][  0]LogConfig: Setting CVar [[r.VolumetricFog.GridPixelSize:8]]
[2021.01.29-15.47.15:518][  0]LogConfig: Setting CVar [[r.VolumetricFog.GridSizeZ:128]]
[2021.01.29-15.47.15:518][  0]LogConfig: Setting CVar [[r.VolumetricFog.HistoryMissSupersampleCount:4]]
[2021.01.29-15.47.15:518][  0]LogConfig: Setting CVar [[r.LightMaxDrawDistanceScale:1]]
[2021.01.29-15.47.15:518][  0]LogConfig: Setting CVar [[r.CapsuleShadows:1]]
[2021.01.29-15.47.15:518][  0]LogConfig: Applying CVar settings from Section [PostProcessQuality@3] File [D:/GitKraken/GameJam2021/GameJam2021/Saved/Config/Windows/Scalability.ini]
[2021.01.29-15.47.15:518][  0]LogConfig: Setting CVar [[r.MotionBlurQuality:4]]
[2021.01.29-15.47.15:518][  0]LogConfig: Setting CVar [[r.AmbientOcclusionMipLevelFactor:0.4]]
[2021.01.29-15.47.15:518][  0]LogConfig: Setting CVar [[r.AmbientOcclusionMaxQuality:100]]
[2021.01.29-15.47.15:518][  0]LogConfig: Setting CVar [[r.AmbientOcclusionLevels:-1]]
[2021.01.29-15.47.15:518][  0]LogConfig: Setting CVar [[r.AmbientOcclusionRadiusScale:1.0]]
[2021.01.29-15.47.15:518][  0]LogConfig: Setting CVar [[r.DepthOfFieldQuality:2]]
[2021.01.29-15.47.15:518][  0]LogConfig: Setting CVar [[r.RenderTargetPoolMin:400]]
[2021.01.29-15.47.15:518][  0]LogConfig: Setting CVar [[r.LensFlareQuality:2]]
[2021.01.29-15.47.15:518][  0]LogConfig: Setting CVar [[r.SceneColorFringeQuality:1]]
[2021.01.29-15.47.15:518][  0]LogConfig: Setting CVar [[r.EyeAdaptationQuality:2]]
[2021.01.29-15.47.15:518][  0]LogConfig: Setting CVar [[r.BloomQuality:5]]
[2021.01.29-15.47.15:518][  0]LogConfig: Setting CVar [[r.FastBlurThreshold:100]]
[2021.01.29-15.47.15:518][  0]LogConfig: Setting CVar [[r.Upscale.Quality:3]]
[2021.01.29-15.47.15:518][  0]LogConfig: Setting CVar [[r.Tonemapper.GrainQuantization:1]]
[2021.01.29-15.47.15:518][  0]LogConfig: Setting CVar [[r.LightShaftQuality:1]]
[2021.01.29-15.47.15:518][  0]LogConfig: Setting CVar [[r.Filter.SizeScale:1]]
[2021.01.29-15.47.15:518][  0]LogConfig: Setting CVar [[r.Tonemapper.Quality:5]]
[2021.01.29-15.47.15:518][  0]LogConfig: Setting CVar [[r.DOF.Gather.AccumulatorQuality:1        ; higher gathering accumulator quality]]
[2021.01.29-15.47.15:518][  0]LogConfig: Setting CVar [[r.DOF.Gather.PostfilterMethod:1          ; Median3x3 postfilering method]]
[2021.01.29-15.47.15:518][  0]LogConfig: Setting CVar [[r.DOF.Gather.EnableBokehSettings:0       ; no bokeh simulation when gathering]]
[2021.01.29-15.47.15:518][  0]LogConfig: Setting CVar [[r.DOF.Gather.RingCount:4                 ; medium number of samples when gathering]]
[2021.01.29-15.47.15:518][  0]LogConfig: Setting CVar [[r.DOF.Scatter.ForegroundCompositing:1    ; additive foreground scattering]]
[2021.01.29-15.47.15:518][  0]LogConfig: Setting CVar [[r.DOF.Scatter.BackgroundCompositing:2    ; additive background scattering]]
[2021.01.29-15.47.15:518][  0]LogConfig: Setting CVar [[r.DOF.Scatter.EnableBokehSettings:1      ; bokeh simulation when scattering]]
[2021.01.29-15.47.15:518][  0]LogConfig: Setting CVar [[r.DOF.Scatter.MaxSpriteRatio:0.1         ; only a maximum of 10% of scattered bokeh]]
[2021.01.29-15.47.15:518][  0]LogConfig: Setting CVar [[r.DOF.Recombine.Quality:1                ; cheap slight out of focus]]
[2021.01.29-15.47.15:518][  0]LogConfig: Setting CVar [[r.DOF.Recombine.EnableBokehSettings:0    ; no bokeh simulation on slight out of focus]]
[2021.01.29-15.47.15:518][  0]LogConfig: Setting CVar [[r.DOF.TemporalAAQuality:1                ; more stable temporal accumulation]]
[2021.01.29-15.47.15:518][  0]LogConfig: Setting CVar [[r.DOF.Kernel.MaxForegroundRadius:0.025]]
[2021.01.29-15.47.15:518][  0]LogConfig: Setting CVar [[r.DOF.Kernel.MaxBackgroundRadius:0.025]]
[2021.01.29-15.47.15:518][  0]LogConfig: Applying CVar settings from Section [TextureQuality@3] File [D:/GitKraken/GameJam2021/GameJam2021/Saved/Config/Windows/Scalability.ini]
[2021.01.29-15.47.15:518][  0]LogConfig: Setting CVar [[r.Streaming.MipBias:0]]
[2021.01.29-15.47.15:518][  0]LogConfig: Setting CVar [[r.Streaming.AmortizeCPUToGPUCopy:0]]
[2021.01.29-15.47.15:518][  0]LogConfig: Setting CVar [[r.Streaming.MaxNumTexturesToStreamPerFrame:0]]
[2021.01.29-15.47.15:518][  0]LogConfig: Setting CVar [[r.Streaming.Boost:1]]
[2021.01.29-15.47.15:518][  0]LogConfig: Setting CVar [[r.MaxAnisotropy:8]]
[2021.01.29-15.47.15:518][  0]LogConfig: Setting CVar [[r.VT.MaxAnisotropy:8]]
[2021.01.29-15.47.15:518][  0]LogConfig: Setting CVar [[r.Streaming.LimitPoolSizeToVRAM:0]]
[2021.01.29-15.47.15:518][  0]LogConfig: Setting CVar [[r.Streaming.PoolSize:1000]]
[2021.01.29-15.47.15:518][  0]LogConfig: Setting CVar [[r.Streaming.MaxEffectiveScreenSize:0]]
[2021.01.29-15.47.15:518][  0]LogConfig: Applying CVar settings from Section [EffectsQuality@3] File [D:/GitKraken/GameJam2021/GameJam2021/Saved/Config/Windows/Scalability.ini]
[2021.01.29-15.47.15:518][  0]LogConfig: Setting CVar [[r.TranslucencyLightingVolumeDim:64]]
[2021.01.29-15.47.15:518][  0]LogConfig: Setting CVar [[r.RefractionQuality:2]]
[2021.01.29-15.47.15:518][  0]LogConfig: Setting CVar [[r.SSR.Quality:3]]
[2021.01.29-15.47.15:518][  0]LogConfig: Setting CVar [[r.SSR.HalfResSceneColor:0]]
[2021.01.29-15.47.15:518][  0]LogConfig: Setting CVar [[r.SceneColorFormat:4]]
[2021.01.29-15.47.15:518][  0]LogConfig: Setting CVar [[r.DetailMode:2]]
[2021.01.29-15.47.15:518][  0]LogConfig: Setting CVar [[r.TranslucencyVolumeBlur:1]]
[2021.01.29-15.47.15:518][  0]LogConfig: Setting CVar [[r.MaterialQualityLevel:1 ; High quality]]
[2021.01.29-15.47.15:518][  0]LogConfig: Setting CVar [[r.SSS.Scale:1]]
[2021.01.29-15.47.15:518][  0]LogConfig: Setting CVar [[r.SSS.SampleSet:2]]
[2021.01.29-15.47.15:518][  0]LogConfig: Setting CVar [[r.SSS.Quality:1]]
[2021.01.29-15.47.15:518][  0]LogConfig: Setting CVar [[r.SSS.HalfRes:0]]
[2021.01.29-15.47.15:518][  0]LogConfig: Setting CVar [[r.SSGI.Quality:3]]
[2021.01.29-15.47.15:518][  0]LogConfig: Setting CVar [[r.EmitterSpawnRateScale:1.0]]
[2021.01.29-15.47.15:518][  0]LogConfig: Setting CVar [[r.ParticleLightQuality:2]]
[2021.01.29-15.47.15:518][  0]LogConfig: Setting CVar [[r.SkyAtmosphere.AerialPerspectiveLUT.FastApplyOnOpaque:1 ; Always have FastSkyLUT 1 in this case to avoid wrong sky]]
[2021.01.29-15.47.15:518][  0]LogConfig: Setting CVar [[r.SkyAtmosphere.AerialPerspectiveLUT.SampleCountPerSlice:1]]
[2021.01.29-15.47.15:518][  0]LogConfig: Setting CVar [[r.SkyAtmosphere.AerialPerspectiveLUT.DepthResolution:16.0]]
[2021.01.29-15.47.15:518][  0]LogConfig: Setting CVar [[r.SkyAtmosphere.FastSkyLUT:1]]
[2021.01.29-15.47.15:518][  0]LogConfig: Setting CVar [[r.SkyAtmosphere.FastSkyLUT.SampleCountMin:4.0]]
[2021.01.29-15.47.15:518][  0]LogConfig: Setting CVar [[r.SkyAtmosphere.FastSkyLUT.SampleCountMax:32.0]]
[2021.01.29-15.47.15:518][  0]LogConfig: Setting CVar [[r.SkyAtmosphere.SampleCountMin:4.0]]
[2021.01.29-15.47.15:518][  0]LogConfig: Setting CVar [[r.SkyAtmosphere.SampleCountMax:32.0]]
[2021.01.29-15.47.15:518][  0]LogConfig: Setting CVar [[r.SkyAtmosphere.TransmittanceLUT.UseSmallFormat:0]]
[2021.01.29-15.47.15:518][  0]LogConfig: Setting CVar [[r.SkyAtmosphere.TransmittanceLUT.SampleCount:10.0]]
[2021.01.29-15.47.15:518][  0]LogConfig: Setting CVar [[r.SkyAtmosphere.MultiScatteringLUT.SampleCount:15.0]]
[2021.01.29-15.47.15:519][  0]LogConfig: Applying CVar settings from Section [FoliageQuality@3] File [D:/GitKraken/GameJam2021/GameJam2021/Saved/Config/Windows/Scalability.ini]
[2021.01.29-15.47.15:519][  0]LogConfig: Setting CVar [[foliage.DensityScale:1.0]]
[2021.01.29-15.47.15:519][  0]LogConfig: Setting CVar [[grass.DensityScale:1.0]]
[2021.01.29-15.47.15:519][  0]LogConfig: Applying CVar settings from Section [ShadingQuality@3] File [D:/GitKraken/GameJam2021/GameJam2021/Saved/Config/Windows/Scalability.ini]
[2021.01.29-15.47.15:519][  0]LogConfig: Setting CVar [[r.HairStrands.SkyLighting.SampleCount:16]]
[2021.01.29-15.47.15:519][  0]LogConfig: Setting CVar [[r.HairStrands.SkyLighting.JitterIntegration:0]]
[2021.01.29-15.47.15:519][  0]LogConfig: Setting CVar [[r.HairStrands.SkyAO.SampleCount:16]]
[2021.01.29-15.47.15:519][  0]LogConfig: Setting CVar [[r.HairStrands.DeepShadow.SuperSampling:0]]
[2021.01.29-15.47.15:519][  0]LogConfig: Setting CVar [[r.HairStrands.VisibilityPPLL:0]]
[2021.01.29-15.47.15:519][  0]LogConfig: Setting CVar [[r.HairStrands.RasterizationScale:0.5]]
[2021.01.29-15.47.15:519][  0]LogConfig: Setting CVar [[r.HairStrands.VelocityRasterizationScale:1]]
[2021.01.29-15.47.15:519][  0]LogConfig: Applying CVar settings from Section [Startup] File [../../../Engine/Config/ConsoleVariables.ini]
[2021.01.29-15.47.15:519][  0]LogConfig: Setting CVar [[net.UseAdaptiveNetUpdateFrequency:0]]
[2021.01.29-15.47.15:519][  0]LogConfig: Setting CVar [[p.chaos.AllowCreatePhysxBodies:1]]
[2021.01.29-15.47.15:519][  0]LogConfig: Setting CVar [[fx.SkipVectorVMBackendOptimizations:1]]
[2021.01.29-15.47.15:519][  0]LogConfig: Applying CVar settings from Section [ConsoleVariables] File [D:/GitKraken/GameJam2021/GameJam2021/Saved/Config/Windows/Engine.ini]
[2021.01.29-15.47.15:519][  0]LogInit: Computer: MSI
[2021.01.29-15.47.15:519][  0]LogInit: User: Josh
[2021.01.29-15.47.15:519][  0]LogInit: CPU Page size=4096, Cores=6
[2021.01.29-15.47.15:519][  0]LogInit: High frequency timer resolution =10.000000 MHz
[2021.01.29-15.47.15:519][  0]LogMemory: Memory total: Physical=31.8GB (32GB approx)
[2021.01.29-15.47.15:519][  0]LogMemory: Platform Memory Stats for Windows
[2021.01.29-15.47.15:519][  0]LogMemory: Process Physical Memory: 114.97 MB used, 114.98 MB peak
[2021.01.29-15.47.15:519][  0]LogMemory: Process Virtual Memory: 97.25 MB used, 97.25 MB peak
[2021.01.29-15.47.15:519][  0]LogMemory: Physical Memory: 18959.43 MB used,  13654.35 MB free, 32613.78 MB total
[2021.01.29-15.47.15:519][  0]LogMemory: Virtual Memory: 5166.62 MB used,  134212560.00 MB free, 134217728.00 MB total
[2021.01.29-15.47.15:524][  0]LogWindows: WindowsPlatformFeatures enabled
[2021.01.29-15.47.15:584][  0]LogInit: Physics initialised using underlying interface: PhysX
[2021.01.29-15.47.15:585][  0]LogInit: Using OS detected language (en-US).
[2021.01.29-15.47.15:585][  0]LogInit: Using OS detected locale (en-US).
[2021.01.29-15.47.15:588][  0]LogTextLocalizationManager: No specific localization for 'en-US' exists, so the 'en' localization will be used.
[2021.01.29-15.47.15:775][  0]LogInit: Setting process to per monitor DPI aware
[2021.01.29-15.47.15:802][  0]LogSlate: New Slate User Created.  User Index 0, Is Virtual User: 0
[2021.01.29-15.47.15:802][  0]LogSlate: Slate User Registered.  User Index 0, Is Virtual User: 0
[2021.01.29-15.47.16:058][  0]LogHMD: Failed to initialize OpenVR with code 110
[2021.01.29-15.47.16:058][  0]LogD3D11RHI: D3D11 min allowed feature level: 11_0
[2021.01.29-15.47.16:059][  0]LogD3D11RHI: D3D11 max allowed feature level: 11_0
[2021.01.29-15.47.16:059][  0]LogD3D11RHI: D3D11 adapters:
[2021.01.29-15.47.16:150][  0]LogD3D11RHI:    0. 'NVIDIA GeForce GTX 1070' (Feature Level 11_0)
[2021.01.29-15.47.16:150][  0]LogD3D11RHI:       8081/0/16306 MB DedicatedVideo/DedicatedSystem/SharedSystem, Outputs:2, VendorId:0x10de
[2021.01.29-15.47.16:196][  0]LogD3D11RHI:    1. 'Intel(R) UHD Graphics 630' (Feature Level 11_0)
[2021.01.29-15.47.16:196][  0]LogD3D11RHI:       128/0/16306 MB DedicatedVideo/DedicatedSystem/SharedSystem, Outputs:0, VendorId:0x8086
[2021.01.29-15.47.16:198][  0]LogD3D11RHI:    2. 'Microsoft Basic Render Driver' (Feature Level 11_0)
[2021.01.29-15.47.16:198][  0]LogD3D11RHI:       0/0/16306 MB DedicatedVideo/DedicatedSystem/SharedSystem, Outputs:0, VendorId:0x1414
[2021.01.29-15.47.16:198][  0]LogD3D11RHI: Chosen D3D11 Adapter: 0
[2021.01.29-15.47.16:205][  0]LogD3D11RHI: Creating new Direct3DDevice
[2021.01.29-15.47.16:205][  0]LogD3D11RHI:     GPU DeviceId: 0x1ba1 (for the marketing name, search the web for "GPU Device Id")
[2021.01.29-15.47.16:205][  0]LogWindows: EnumDisplayDevices:
[2021.01.29-15.47.16:205][  0]LogWindows:    0. 'Intel(R) UHD Graphics 630' (P:1 D:1)
[2021.01.29-15.47.16:206][  0]LogWindows:    1. 'Intel(R) UHD Graphics 630' (P:0 D:0)
[2021.01.29-15.47.16:206][  0]LogWindows:    2. 'Intel(R) UHD Graphics 630' (P:0 D:0)
[2021.01.29-15.47.16:206][  0]LogWindows:    3. 'NVIDIA GeForce GTX 1070' (P:0 D:1)
[2021.01.29-15.47.16:206][  0]LogWindows:    4. 'NVIDIA GeForce GTX 1070' (P:0 D:0)
[2021.01.29-15.47.16:207][  0]LogWindows:    5. 'NVIDIA GeForce GTX 1070' (P:0 D:0)
[2021.01.29-15.47.16:207][  0]LogWindows:    6. 'NVIDIA GeForce GTX 1070' (P:0 D:0)
[2021.01.29-15.47.16:207][  0]LogWindows: DebugString: PrimaryIsNotTheChoosenAdapter PrimaryIsNotTheChoosenAdapter PrimaryIsNotTheChoosenAdapter FoundDriverCount:4 
[2021.01.29-15.47.16:207][  0]LogD3D11RHI:     Adapter Name: NVIDIA GeForce GTX 1070
[2021.01.29-15.47.16:207][  0]LogD3D11RHI:   Driver Version: 457.30 (internal:27.21.14.5730, unified:457.30)
[2021.01.29-15.47.16:207][  0]LogD3D11RHI:      Driver Date: 11-6-2020
[2021.01.29-15.47.16:207][  0]LogRHI: Texture pool is 5656 MB (70% of 8081 MB)
[2021.01.29-15.47.16:271][  0]LogD3D11RHI: RHI has support for 64 bit atomics
[2021.01.29-15.47.16:271][  0]LogD3D11RHI: Async texture creation enabled
[2021.01.29-15.47.16:271][  0]LogD3D11RHI: Array index from any shader is supported
[2021.01.29-15.47.16:288][  0]LogD3D11RHI: GPU Timing Frequency: 1000.000000 (Debug: 2 1)
[2021.01.29-15.47.16:581][  0]LogTargetPlatformManager: Display: Loaded TargetPlatform 'AllDesktop'
[2021.01.29-15.47.16:601][  0]LogTargetPlatformManager: Display: Loaded TargetPlatform 'Android'
[2021.01.29-15.47.16:601][  0]LogTargetPlatformManager: Display: Loaded TargetPlatform 'Android_ASTC'
[2021.01.29-15.47.16:601][  0]LogTargetPlatformManager: Display: Loaded TargetPlatform 'Android_DXT'
[2021.01.29-15.47.16:601][  0]LogTargetPlatformManager: Display: Loaded TargetPlatform 'Android_ETC2'
[2021.01.29-15.47.16:601][  0]LogTargetPlatformManager: Display: Loaded TargetPlatform 'AndroidClient'
[2021.01.29-15.47.16:601][  0]LogTargetPlatformManager: Display: Loaded TargetPlatform 'Android_ASTCClient'
[2021.01.29-15.47.16:601][  0]LogTargetPlatformManager: Display: Loaded TargetPlatform 'Android_DXTClient'
[2021.01.29-15.47.16:601][  0]LogTargetPlatformManager: Display: Loaded TargetPlatform 'Android_ETC2Client'
[2021.01.29-15.47.16:601][  0]LogTargetPlatformManager: Display: Loaded TargetPlatform 'Android_Multi'
[2021.01.29-15.47.16:601][  0]LogTargetPlatformManager: Display: Loaded TargetPlatform 'Android_MultiClient'
[2021.01.29-15.47.16:622][  0]LogTargetPlatformManager: Display: Loaded TargetPlatform 'IOSClient'
[2021.01.29-15.47.16:622][  0]LogTargetPlatformManager: Display: Loaded TargetPlatform 'IOS'
[2021.01.29-15.47.16:631][  0]LogTargetPlatformManager: Display: Loaded TargetPlatform 'Linux'
[2021.01.29-15.47.16:640][  0]LogTargetPlatformManager: Display: Loaded TargetPlatform 'LinuxNoEditor'
[2021.01.29-15.47.16:648][  0]LogTargetPlatformManager: Display: Loaded TargetPlatform 'LinuxClient'
[2021.01.29-15.47.16:655][  0]LogTargetPlatformManager: Display: Loaded TargetPlatform 'LinuxServer'
[2021.01.29-15.47.16:664][  0]LogTargetPlatformManager: Display: Loaded TargetPlatform 'LinuxAArch64NoEditor'
[2021.01.29-15.47.16:672][  0]LogTargetPlatformManager: Display: Loaded TargetPlatform 'LinuxAArch64Client'
[2021.01.29-15.47.16:681][  0]LogTargetPlatformManager: Display: Loaded TargetPlatform 'LinuxAArch64Server'
[2021.01.29-15.47.16:705][  0]LogTargetPlatformManager: Display: Loaded TargetPlatform 'Lumin'
[2021.01.29-15.47.16:705][  0]LogTargetPlatformManager: Display: Loaded TargetPlatform 'LuminClient'
[2021.01.29-15.47.16:720][  0]LogTargetPlatformManager: Display: Loaded TargetPlatform 'TVOSClient'
[2021.01.29-15.47.16:720][  0]LogTargetPlatformManager: Display: Loaded TargetPlatform 'TVOS'
[2021.01.29-15.47.16:728][  0]LogTargetPlatformManager: Display: Loaded TargetPlatform 'WindowsNoEditor'
[2021.01.29-15.47.16:737][  0]LogTargetPlatformManager: Display: Loaded TargetPlatform 'Windows'
[2021.01.29-15.47.16:745][  0]LogTargetPlatformManager: Display: Loaded TargetPlatform 'WindowsClient'
[2021.01.29-15.47.16:753][  0]LogTargetPlatformManager: Display: Loaded TargetPlatform 'WindowsServer'
[2021.01.29-15.47.16:753][  0]LogTargetPlatformManager: Display: Building Assets For Windows
[2021.01.29-15.47.16:761][  0]LogAudioDebug: Display: Lib vorbis DLL was dynamically loaded.
[2021.01.29-15.47.16:818][  0]LogShaderCompilers: Guid format shader working directory is -7 characters bigger than the processId version (../../../../../../GitKraken/GameJam2021/GameJam2021/Intermediate/Shaders/WorkingDirectory/16204/).
[2021.01.29-15.47.16:818][  0]LogShaderCompilers: Cleaned the shader compiler working directory 'C:/Users/Josh/AppData/Local/Temp/UnrealShaderWorkingDir/7D8A456440E0360CE17112948D1E5662/'.
[2021.01.29-15.47.16:818][  0]LogXGEController: Cannot use XGE Controller as Incredibuild is not installed on this machine.
[2021.01.29-15.47.16:818][  0]LogShaderCompilers: Cannot use XGE Shader Compiler as Incredibuild is not installed on this machine.
[2021.01.29-15.47.16:818][  0]LogShaderCompilers: Display: Using Local Shader Compiler.
[2021.01.29-15.47.17:594][  0]LogDerivedDataCache: Display: Max Cache Size: 512 MB
[2021.01.29-15.47.17:641][  0]LogDerivedDataCache: Loaded boot cache 0.05s 76MB C:/Users/Josh/AppData/Local/UnrealEngine/4.25/DerivedDataCache/Boot.ddc.
[2021.01.29-15.47.17:641][  0]LogDerivedDataCache: Display: Loaded Boot cache: C:/Users/Josh/AppData/Local/UnrealEngine/4.25/DerivedDataCache/Boot.ddc
[2021.01.29-15.47.17:641][  0]LogDerivedDataCache: FDerivedDataBackendGraph:  Pak pak cache file ../../../../../../GitKraken/GameJam2021/GameJam2021/DerivedDataCache/DDC.ddp not found, will not use a pak cache.
[2021.01.29-15.47.17:641][  0]LogDerivedDataCache: Unable to find inner node Pak for hierarchical cache Hierarchy.
[2021.01.29-15.47.17:641][  0]LogDerivedDataCache: FDerivedDataBackendGraph:  CompressedPak pak cache file ../../../../../../GitKraken/GameJam2021/GameJam2021/DerivedDataCache/Compressed.ddp not found, will not use a pak cache.
[2021.01.29-15.47.17:641][  0]LogDerivedDataCache: Unable to find inner node CompressedPak for hierarchical cache Hierarchy.
[2021.01.29-15.47.17:650][  0]LogDerivedDataCache: Display: Pak cache opened for reading ../../../Engine/DerivedDataCache/Compressed.ddp.
[2021.01.29-15.47.17:650][  0]LogDerivedDataCache: FDerivedDataBackendGraph:  EnterprisePak pak cache file ../../../Enterprise/DerivedDataCache/Compressed.ddp not found, will not use a pak cache.
[2021.01.29-15.47.17:650][  0]LogDerivedDataCache: Unable to find inner node EnterprisePak for hierarchical cache Hierarchy.
[2021.01.29-15.47.17:652][  0]LogDerivedDataCache: Using Local data cache path C:/Users/Josh/AppData/Local/UnrealEngine/Common/DerivedDataCache: Writable
[2021.01.29-15.47.17:652][  0]LogDerivedDataCache: Shared data cache path not found in *engine.ini, will not use an Shared cache.
[2021.01.29-15.47.17:652][  0]LogDerivedDataCache: Unable to find inner node Shared for hierarchical cache Hierarchy.
[2021.01.29-15.47.17:696][  0]LogSlate: Using FreeType 2.10.0
[2021.01.29-15.47.17:697][  0]LogSlate: SlateFontServices - WITH_FREETYPE: 1, WITH_HARFBUZZ: 1
[2021.01.29-15.47.17:723][  0]LogAssetRegistry: FAssetRegistry took 0.0036 seconds to start up
[2021.01.29-15.47.18:115][  0]LogInit: Selected Device Profile: [Windows]
[2021.01.29-15.47.18:272][  0]LogMeshReduction: Using QuadricMeshReduction for automatic static mesh reduction
[2021.01.29-15.47.18:272][  0]LogMeshReduction: Using SimplygonMeshReduction for automatic skeletal mesh reduction
[2021.01.29-15.47.18:272][  0]LogMeshReduction: Using ProxyLODMeshReduction for automatic mesh merging
[2021.01.29-15.47.18:272][  0]LogMeshReduction: No distributed automatic mesh merging module available
[2021.01.29-15.47.18:272][  0]LogMeshMerging: No distributed automatic mesh merging module available
[2021.01.29-15.47.18:291][  0]LogNetVersion: GameJam2021 1.0.0, NetCL: 13144385, EngineNetVer: 14, GameNetVer: 0 (Checksum: 2543616308)
[2021.01.29-15.47.18:708][  0]LogAISub: UAISubsystem::UAISubsystem AISubsystem (0000026B923DDBC0), frame # 0
[2021.01.29-15.47.18:708][  0]LogAISub: UAISubsystem::UAISubsystem AIPerceptionSystem (0000026B92360900), frame # 0
[2021.01.29-15.47.18:709][  0]LogAISub: UAISubsystem::UAISubsystem EnvQueryManager (0000026B9237A000), frame # 0
[2021.01.29-15.47.19:726][  0]LogPackageLocalizationCache: Processed 19 localized package path(s) for 1 prioritized culture(s) in 1.012067 seconds
[2021.01.29-15.47.19:731][  0]LogUObjectArray: 15917 objects as part of root set at end of initial load.
[2021.01.29-15.47.19:731][  0]LogUObjectAllocator: 3965568 out of 0 bytes used by permanent object pool.
[2021.01.29-15.47.19:731][  0]LogUObjectArray: CloseDisregardForGC: 0/0 objects in disregard for GC pool
[2021.01.29-15.47.20:169][  0]LogTcpMessaging: Initializing TcpMessaging bridge
[2021.01.29-15.47.21:160][  0]LogUdpMessaging: Initializing bridge on interface 0.0.0.0:0 to multicast group 230.0.0.1:6666.
[2021.01.29-15.47.21:232][  0]SourceControl: Source control is disabled
[2021.01.29-15.47.21:232][  0]SourceControl: Source control is disabled
[2021.01.29-15.47.21:235][  0]SourceControl: Source control is disabled
[2021.01.29-15.47.21:238][  0]SourceControl: Source control is disabled
[2021.01.29-15.47.21:244][  0]SourceControl: Source control is disabled
[2021.01.29-15.47.22:178][  0]LogAndroidPermission: UAndroidPermissionCallbackProxy::GetInstance
[2021.01.29-15.47.22:196][  0]LogAudioCaptureCore: Display: No Audio Capture implementations found. Audio input will be silent.
[2021.01.29-15.47.22:196][  0]LogAudioCaptureCore: Display: No Audio Capture implementations found. Audio input will be silent.
[2021.01.29-15.47.22:244][  0]LogOcInput: OculusInput pre-init called
[2021.01.29-15.47.22:254][  0]LogWindows: Failed to load 'OVRPlugin.dll' (GetLastError=126)
[2021.01.29-15.47.22:254][  0]LogWindows: File 'OVRPlugin.dll' does not exist
[2021.01.29-15.47.22:358][  0]LogEngine: Initializing Engine...
[2021.01.29-15.47.22:359][  0]LogHMD: Failed to initialize OpenVR with code 110
[2021.01.29-15.47.22:359][  0]LogMagicLeap: Warning: VR disabled because ZI is not enabled.  To enable, in the editor, Edit -> Project Settings -> Plugins -> Magic Leap Plugin -> Enable Zero Iteration
[2021.01.29-15.47.22:360][  0]LogStats: UGameplayTagsManager::InitializeManager -  0.000 s
[2021.01.29-15.47.22:711][  0]LogInit: Initializing FReadOnlyCVARCache
[2021.01.29-15.47.22:718][  0]LogAIModule: Creating AISystem for world Untitled
[2021.01.29-15.47.22:718][  0]LogAISub: UAISubsystem::UAISubsystem EnvQueryManager (0000026B9A223C00), frame # 0
[2021.01.29-15.47.22:718][  0]LogAISub: UAISubsystem::UAISubsystem AIPerceptionSystem (0000026B9A2C9580), frame # 0
[2021.01.29-15.47.22:735][  0]LogAudioMixer: Display: Audio Mixer Platform Settings:
[2021.01.29-15.47.22:735][  0]LogAudioMixer: Display: 	Sample Rate:						  48000
[2021.01.29-15.47.22:735][  0]LogAudioMixer: Display: 	Callback Buffer Frame Size Requested: 1024
[2021.01.29-15.47.22:735][  0]LogAudioMixer: Display: 	Callback Buffer Frame Size To Use:	  1024
[2021.01.29-15.47.22:735][  0]LogAudioMixer: Display: 	Number of buffers to queue:			  2
[2021.01.29-15.47.22:735][  0]LogAudioMixer: Display: 	Max Channels (voices):				  32
[2021.01.29-15.47.22:735][  0]LogAudioMixer: Display: 	Number of Async Source Workers:		  0
[2021.01.29-15.47.22:735][  0]LogAudio: Display: AudioDevice MaxSources: 32
[2021.01.29-15.47.22:735][  0]LogAudio: Display: Using built-in audio occlusion.
[2021.01.29-15.47.22:735][  0]LogAudioMixer: Display: Initializing audio mixer.
[2021.01.29-15.47.22:745][  0]LogAudioMixer: Display: 0: FrontLeft
[2021.01.29-15.47.22:745][  0]LogAudioMixer: Display: 1: FrontRight
[2021.01.29-15.47.22:745][  0]LogAudioMixer: Display: 2: FrontCenter
[2021.01.29-15.47.22:745][  0]LogAudioMixer: Display: 3: LowFrequency
[2021.01.29-15.47.22:745][  0]LogAudioMixer: Display: 4: BackLeft
[2021.01.29-15.47.22:745][  0]LogAudioMixer: Display: 5: BackRight
[2021.01.29-15.47.22:745][  0]LogAudioMixer: Display: 6: SideLeft
[2021.01.29-15.47.22:745][  0]LogAudioMixer: Display: 7: SideRight
[2021.01.29-15.47.22:792][  0]LogAudioMixer: Display: Using Audio Device Speakers (3- Logitech G935/G933s Gaming Headset)
[2021.01.29-15.47.22:794][  0]LogAudioMixer: Display: Initializing Sound Submixes...
[2021.01.29-15.47.22:800][  0]LogAudioMixer: Display: Creating Master Submix 'MasterSubmixDefault'
[2021.01.29-15.47.22:800][  0]LogAudioMixer: Display: Creating Master Submix 'MasterReverbSubmixDefault'
[2021.01.29-15.47.22:802][  0]LogAudioMixer: Display: Creating Master Submix 'MasterEQSubmixDefault'
[2021.01.29-15.47.22:803][  0]LogInit: FAudioDevice initialized.
[2021.01.29-15.47.22:803][  0]LogNetVersion: Set ProjectVersion to 1.0.0.0. Version Checksum will be recalculated on next use.
[2021.01.29-15.47.22:852][  0]LogDerivedDataCache: Saved boot cache 0.05s 76MB C:/Users/Josh/AppData/Local/UnrealEngine/4.25/DerivedDataCache/Boot.ddc.
[2021.01.29-15.47.22:853][  0]LogInit: Texture streaming: Enabled
[2021.01.29-15.47.22:869][  0]LogEngineSessionManager: EngineSessionManager initialized
[2021.01.29-15.47.22:869][  0]LogEditorSessionSummary: Verbose: Initializing EditorSessionSummaryWriter for editor session tracking
[2021.01.29-15.47.22:875][  0]LogEditorSessionSummary: EditorSessionSummaryWriter initialized
[2021.01.29-15.47.22:893][  0]LogInit: Transaction tracking system initialized
[2021.01.29-15.47.22:914][  0]BlueprintLog: New page: Editor Load
[2021.01.29-15.47.23:101][  0]LocalizationService: Localization service is disabled
[2021.01.29-15.47.23:574][  0]LogCook: Display: Max memory allowance for cook 16384mb min free memory 0mb
[2021.01.29-15.47.23:574][  0]LogCook: Display: Mobile HDR setting 1
[2021.01.29-15.47.23:874][  0]LogFileCache: Scanning file cache for directory 'D:/GitKraken/GameJam2021/GameJam2021/Content/' took 0.00s
[2021.01.29-15.47.24:086][  0]SourceControl: Source control is disabled
[2021.01.29-15.47.24:086][  0]LogUnrealEdMisc: Loading editor; pre map load, took 11.032
[2021.01.29-15.47.24:086][  0]Cmd: MAP LOAD FILE="../../../../../../GitKraken/GameJam2021/GameJam2021/Content/ThirdPersonBP/Maps/ThirdPersonExampleMap.umap" TEMPLATE=0 SHOWPROGRESS=1 FEATURELEVEL=3
[2021.01.29-15.47.24:089][  0]LightingResults: New page: Lighting Build
[2021.01.29-15.47.24:089][  0]LogWorld: UWorld::CleanupWorld for Untitled, bSessionEnded=true, bCleanupResources=true
[2021.01.29-15.47.24:089][  0]LogSlate: InvalidateAllWidgets triggered.  All widgets were invalidated
[2021.01.29-15.47.24:089][  0]MapCheck: New page: Map Check
[2021.01.29-15.47.24:090][  0]LightingResults: New page: Lighting Build
[2021.01.29-15.47.24:097][  0]LogAISub: UAISubsystem::~UAISubsystem EnvQueryManager (0000026B9A223C00), frame # 0
[2021.01.29-15.47.24:097][  0]LogAISub: UAISubsystem::~UAISubsystem AIPerceptionSystem (0000026B9A2C9580), frame # 0
[2021.01.29-15.47.24:098][  0]LogUObjectHash: Compacting FUObjectHashTables data took   0.56ms
[2021.01.29-15.47.25:341][  0]LogAIModule: Creating AISystem for world ThirdPersonExampleMap
[2021.01.29-15.47.25:341][  0]LogAISub: UAISubsystem::UAISubsystem EnvQueryManager (0000026B86FC9600), frame # 0
[2021.01.29-15.47.25:342][  0]LogAISub: UAISubsystem::UAISubsystem AIPerceptionSystem (0000026B8700A200), frame # 0
[2021.01.29-15.47.25:354][  0]LogEditorServer: Finished looking for orphan Actors (0.000 secs)
[2021.01.29-15.47.25:365][  0]LogUObjectHash: Compacting FUObjectHashTables data took   0.71ms
[2021.01.29-15.47.25:365][  0]Cmd: MAP CHECKDEP NOCLEARLOG
[2021.01.29-15.47.25:365][  0]MapCheck: Map check complete: 0 Error(s), 0 Warning(s), took 0.098ms to complete.
[2021.01.29-15.47.25:365][  0]LogFileHelpers: Loading map 'ThirdPersonExampleMap' took 1.280
[2021.01.29-15.47.25:367][  0]LogUnrealEdMisc: Total Editor Startup Time, took 12.314
[2021.01.29-15.47.27:064][  0]LogSlate: Updating window title bar state: overlay mode, drag disabled, window buttons hidden, title bar hidden
[2021.01.29-15.47.27:070][  0]LogSlate: Updating window title bar state: overlay mode, drag disabled, window buttons hidden, title bar hidden
[2021.01.29-15.47.27:076][  0]LogSlate: Updating window title bar state: overlay mode, drag disabled, window buttons hidden, title bar hidden
[2021.01.29-15.47.27:082][  0]LogSlate: Updating window title bar state: overlay mode, drag disabled, window buttons hidden, title bar hidden
[2021.01.29-15.47.27:089][  0]LogCollectionManager: Loaded 0 collections in 0.000800 seconds
[2021.01.29-15.47.27:105][  0]LogFileCache: Scanning file cache for directory 'D:/GitKraken/GameJam2021/GameJam2021/Saved/Collections/' took 0.00s
[2021.01.29-15.47.27:105][  0]LogFileCache: Scanning file cache for directory 'D:/GitKraken/GameJam2021/GameJam2021/Content/Developers/Josh/Collections/' took 0.00s
[2021.01.29-15.47.27:105][  0]LogFileCache: Scanning file cache for directory 'D:/GitKraken/GameJam2021/GameJam2021/Content/Collections/' took 0.00s
[2021.01.29-15.47.27:105][  0]LogContentBrowser: Native class hierarchy populated in 0.0077 seconds. Added 3427 classes and 821 folders.
[2021.01.29-15.47.27:108][  0]LogContentBrowser: Native class hierarchy updated for 'WidgetCarousel' in 0.0003 seconds. Added 0 classes and 0 folders.
[2021.01.29-15.47.27:194][  0]LogContentBrowser: Native class hierarchy updated for 'AddContentDialog' in 0.0003 seconds. Added 0 classes and 0 folders.
[2021.01.29-15.47.27:198][  0]LogContentBrowser: Native class hierarchy updated for 'SceneOutliner' in 0.0003 seconds. Added 2 classes and 0 folders.
[2021.01.29-15.47.27:333][  0]LogSlate: Took 0.000235 seconds to synchronously load lazily loaded font '../../../Engine/Content/Slate/Fonts/Roboto-Regular.ttf' (155K)
[2021.01.29-15.47.27:335][  0]LogSlate: Took 0.000248 seconds to synchronously load lazily loaded font '../../../Engine/Content/Slate/Fonts/Roboto-Bold.ttf' (160K)
[2021.01.29-15.47.27:645][  0]LogSlate: Took 0.306000 seconds to synchronously load lazily loaded font '../../../Engine/Content/Editor/Slate/Fonts/FontAwesome.ttf' (139K)
[2021.01.29-15.47.27:784][  0]LogRenderer: Reallocating scene render targets to support 1128x512 Format 10 NumSamples 1 (Frame:1).
[2021.01.29-15.47.27:861][  0]LogContentBrowser: Native class hierarchy updated for 'HierarchicalLODOutliner' in 0.0003 seconds. Added 0 classes and 0 folders.
[2021.01.29-15.47.27:861][  0]LogLoad: (Engine Initialization) Total time: 14.81 seconds
[2021.01.29-15.47.27:861][  0]LogLoad: (Engine Initialization) Total Blueprint compile time: 0.00 seconds
[2021.01.29-15.47.28:051][  0]LogContentStreaming: Texture pool size now 1000 MB
[2021.01.29-15.47.28:166][  0]LogSlate: Took 0.000213 seconds to synchronously load lazily loaded font '../../../Engine/Content/Slate/Fonts/Roboto-Light.ttf' (167K)
[2021.01.29-15.47.44:561][983]LogAssetRegistry: Asset discovery search completed in 26.8393 seconds
[2021.01.29-15.47.44:564][983]LogCollectionManager: Fixed up redirectors for 0 collections in 0.000003 seconds (updated 0 objects)
[2021.01.29-15.52.31:453][241]LogSlate: Took 0.083472 seconds to synchronously load lazily loaded font '../../../Engine/Content/Editor/Slate/Fonts/NotoColorEmoji.ttf' (7610K)
[2021.01.29-15.52.45:351][ 72]LogSlate: Window 'Plugins' being destroyed
[2021.01.29-15.52.45:356][ 72]LogSlate: Window 'Plugins' being destroyed
[2021.01.29-15.52.45:357][ 72]LogDirectoryWatcher: A directory notification for '../../../Engine/Plugins/' was aborted.
[2021.01.29-15.55.06:931][548]LogSlate: Window 'Source Control Login' being destroyed
[2021.01.29-15.56.17:957][789]LogSlate: Took 0.000234 seconds to synchronously load lazily loaded font '../../../Engine/Content/Slate/Fonts/Roboto-Light.ttf' (167K)
[2021.01.29-15.56.19:015][789]LogSlate: Window 'Pick Parent Class' being destroyed
[2021.01.29-15.57.39:753][617]Cmd: OBJ SAVEPACKAGE PACKAGE="/Game/ThirdPersonBP/BP_TestGit" FILE="../../../../../../GitKraken/GameJam2021/GameJam2021/Content/ThirdPersonBP/BP_TestGit.uasset" SILENT=true
[2021.01.29-15.57.39:760][617]LogSavePackage: Moving '../../../../../../GitKraken/GameJam2021/GameJam2021/Saved/BP_TestGitACB3B5284EDEFA38626E4EB296A50599.tmp' to '../../../../../../GitKraken/GameJam2021/GameJam2021/Content/ThirdPersonBP/BP_TestGit.uasset'
[2021.01.29-15.57.40:438][617]AssetCheck: New page: Asset Save: BP_TestGit
[2021.01.29-15.57.40:438][617]LogContentValidation: Display: Validating Blueprint /Game/ThirdPersonBP/BP_TestGit.BP_TestGit
[2021.01.29-15.57.54:044][316]LogSlate: Window 'Submit Files' being destroyed
[2021.01.29-15.57.55:701][316]LogSlate: Window 'Message' being destroyed
[2021.01.29-15.57.55:708][316]Message dialog closed, result: Ok, title: Message, text: Check-in failed as a result of save failure.
[2021.01.29-15.58.11:833][275]SourceControl: fatal: D:/Program Files/Epic Games/UE_4.25/Engine/Content: 'D:/Program Files/Epic Games/UE_4.25/Engine/Content' is outside repository at 'D:/GitKraken/GameJam2021'
[2021.01.29-15.58.11:833][275]SourceControl: fatal: D:/Program Files/Epic Games/UE_4.25/Engine/Plugins/2D/Paper2D/Content: 'D:/Program Files/Epic Games/UE_4.25/Engine/Plugins/2D/Paper2D/Content' is outside repository at 'D:/GitKraken/GameJam2021'
[2021.01.29-15.58.11:833][275]SourceControl: fatal: D:/Program Files/Epic Games/UE_4.25/Engine/Plugins/Developer/AnimationSharing/Content: 'D:/Program Files/Epic Games/UE_4.25/Engine/Plugins/Developer/AnimationSharing/Content' is outside repository at 'D:/GitKraken/GameJam2021'
[2021.01.29-15.58.11:833][275]SourceControl: fatal: D:/Program Files/Epic Games/UE_4.25/Engine/Plugins/Editor/GeometryMode/Content: 'D:/Program Files/Epic Games/UE_4.25/Engine/Plugins/Editor/GeometryMode/Content' is outside repository at 'D:/GitKraken/GameJam2021'
[2021.01.29-15.58.11:833][275]SourceControl: fatal: D:/Program Files/Epic Games/UE_4.25/Engine/Plugins/Enterprise/DatasmithContent/Content: 'D:/Program Files/Epic Games/UE_4.25/Engine/Plugins/Enterprise/DatasmithContent/Content' is outside repository at 'D:/GitKraken/GameJam2021'
[2021.01.29-15.58.11:833][275]SourceControl: fatal: D:/Program Files/Epic Games/UE_4.25/Engine/Plugins/Experimental/ChaosClothEditor/Content: 'D:/Program Files/Epic Games/UE_4.25/Engine/Plugins/Experimental/ChaosClothEditor/Content' is outside repository at 'D:/GitKraken/GameJam2021'
[2021.01.29-15.58.11:833][275]SourceControl: fatal: D:/Program Files/Epic Games/UE_4.25/Engine/Plugins/Experimental/ChaosNiagara/Content: 'D:/Program Files/Epic Games/UE_4.25/Engine/Plugins/Experimental/ChaosNiagara/Content' is outside repository at 'D:/GitKraken/GameJam2021'
[2021.01.29-15.58.11:833][275]SourceControl: fatal: D:/Program Files/Epic Games/UE_4.25/Engine/Plugins/Experimental/ChaosSolverPlugin/Content: 'D:/Program Files/Epic Games/UE_4.25/Engine/Plugins/Experimental/ChaosSolverPlugin/Content' is outside repository at 'D:/GitKraken/GameJam2021'
[2021.01.29-15.58.11:833][275]SourceControl: fatal: D:/Program Files/Epic Games/UE_4.25/Engine/Plugins/Experimental/GeometryCollectionPlugin/Content: 'D:/Program Files/Epic Games/UE_4.25/Engine/Plugins/Experimental/GeometryCollectionPlugin/Content' is outside repository at 'D:/GitKraken/GameJam2021'
[2021.01.29-15.58.11:833][275]SourceControl: fatal: D:/Program Files/Epic Games/UE_4.25/Engine/Plugins/Experimental/GeometryProcessing/Content: 'D:/Program Files/Epic Games/UE_4.25/Engine/Plugins/Experimental/GeometryProcessing/Content' is outside repository at 'D:/GitKraken/GameJam2021'
[2021.01.29-15.58.11:833][275]SourceControl: fatal: D:/Program Files/Epic Games/UE_4.25/Engine/Plugins/FX/Niagara/Content: 'D:/Program Files/Epic Games/UE_4.25/Engine/Plugins/FX/Niagara/Content' is outside repository at 'D:/GitKraken/GameJam2021'
[2021.01.29-15.58.11:833][275]SourceControl: fatal: D:/Program Files/Epic Games/UE_4.25/Engine/Plugins/Lumin/MagicLeap/Content: 'D:/Program Files/Epic Games/UE_4.25/Engine/Plugins/Lumin/MagicLeap/Content' is outside repository at 'D:/GitKraken/GameJam2021'
[2021.01.29-15.58.11:833][275]SourceControl: fatal: D:/Program Files/Epic Games/UE_4.25/Engine/Plugins/Lumin/MagicLeapPassableWorld/Content: 'D:/Program Files/Epic Games/UE_4.25/Engine/Plugins/Lumin/MagicLeapPassableWorld/Content' is outside repository at 'D:/GitKraken/GameJam2021'
[2021.01.29-15.58.11:834][275]SourceControl: fatal: D:/Program Files/Epic Games/UE_4.25/Engine/Plugins/Media/MediaCompositing/Content: 'D:/Program Files/Epic Games/UE_4.25/Engine/Plugins/Media/MediaCompositing/Content' is outside repository at 'D:/GitKraken/GameJam2021'
[2021.01.29-15.58.11:834][275]SourceControl: fatal: D:/Program Files/Epic Games/UE_4.25/Engine/Plugins/MovieScene/MovieRenderPipeline/Content: 'D:/Program Files/Epic Games/UE_4.25/Engine/Plugins/MovieScene/MovieRenderPipeline/Content' is outside repository at 'D:/GitKraken/GameJam2021'
[2021.01.29-15.58.11:834][275]SourceControl: fatal: D:/Program Files/Epic Games/UE_4.25/Engine/Plugins/Runtime/Oculus/OculusVR/Content: 'D:/Program Files/Epic Games/UE_4.25/Engine/Plugins/Runtime/Oculus/OculusVR/Content' is outside repository at 'D:/GitKraken/GameJam2021'
[2021.01.29-15.58.11:834][275]SourceControl: fatal: D:/Program Files/Epic Games/UE_4.25/Engine/Plugins/Runtime/PostSplashScreen/Content: 'D:/Program Files/Epic Games/UE_4.25/Engine/Plugins/Runtime/PostSplashScreen/Content' is outside repository at 'D:/GitKraken/GameJam2021'
[2021.01.29-15.58.11:834][275]SourceControl: fatal: D:/Program Files/Epic Games/UE_4.25/Engine/Plugins/Runtime/Steam/SteamVR/Content: 'D:/Program Files/Epic Games/UE_4.25/Engine/Plugins/Runtime/Steam/SteamVR/Content' is outside repository at 'D:/GitKraken/GameJam2021'
[2021.01.29-15.58.42:140][275]LogSlate: Window 'Submit Files' being destroyed
[2021.01.29-15.58.42:682][275]LogSourceControl: commit successful: [main 6414d0e] BP_TestGit added as a test to see how to use this
[2021.01.29-15.58.42:748][275]SourceControl: [main 6414d0e] BP_TestGit added as a test to see how to use this
[2021.01.29-15.58.42:748][275]SourceControl:  1 file changed, 0 insertions(+), 0 deletions(-)
[2021.01.29-15.58.42:748][275]SourceControl:  create mode 100644 GameJam2021/Content/ThirdPersonBP/BP_TestGit.uasset
[2021.01.29-15.58.42:756][275]SourceControl: Commited [main 6414d0e] BP_TestGit added as a test to see how to use this.
[2021.01.29-15.59.08:084][491]LogAssetEditorSubsystem: Opening Asset editor for Blueprint /Game/ThirdPersonBP/BP_TestGit.BP_TestGit
[2021.01.29-15.59.08:612][491]LogContentBrowser: Native class hierarchy updated for 'BlueprintGraph' in 0.0007 seconds. Added 125 classes and 0 folders.
[2021.01.29-15.59.10:087][491]LogRenderer: Reallocating scene render targets to support 1128x552 Format 10 NumSamples 1 (Frame:1).
[2021.01.29-15.59.12:256][619]LogSlate: Took 0.000231 seconds to synchronously load lazily loaded font '../../../Engine/Content/Slate/Fonts/Roboto-BoldCondensed.ttf' (158K)
[2021.01.29-15.59.25:426][394]BlueprintLog: New page: Compile BP_TestGit
[2021.01.29-15.59.25:457][394]LogUObjectHash: Compacting FUObjectHashTables data took   1.64ms
[2021.01.29-15.59.25:617][394]LogSlate: Took 0.139693 seconds to synchronously load lazily loaded font '../../../Engine/Content/Slate/Fonts/DroidSansMono.ttf' (77K)
[2021.01.29-15.59.26:545][444]Cmd: OBJ SAVEPACKAGE PACKAGE="/Game/ThirdPersonBP/BP_TestGit" FILE="../../../../../../GitKraken/GameJam2021/GameJam2021/Content/ThirdPersonBP/BP_TestGit.uasset" SILENT=true
[2021.01.29-15.59.26:555][444]LogSavePackage: Moving '../../../../../../GitKraken/GameJam2021/GameJam2021/Saved/BP_TestGit7C5547B94A8FAE18E515A286EFEE0943.tmp' to '../../../../../../GitKraken/GameJam2021/GameJam2021/Content/ThirdPersonBP/BP_TestGit.uasset'
[2021.01.29-15.59.26:567][444]AssetCheck: New page: Asset Save: BP_TestGit
[2021.01.29-15.59.26:567][444]LogContentValidation: Display: Validating Blueprint /Game/ThirdPersonBP/BP_TestGit.BP_TestGit
[2021.01.29-15.59.27:720][497]LogSlate: Took 0.271684 seconds to synchronously load lazily loaded font '../../../Engine/Content/Slate/Fonts/Roboto-Italic.ttf' (157K)
[2021.01.29-15.59.28:672][554]LogSlate: Window 'BP_TestGit' being destroyed
[2021.01.29-15.59.28:687][554]LogWorld: UWorld::CleanupWorld for World_3, bSessionEnded=true, bCleanupResources=true
[2021.01.29-15.59.28:687][554]LogSlate: InvalidateAllWidgets triggered.  All widgets were invalidated
[2021.01.29-16.00.11:253][ 76]LogSlate: Window 'Submit Files' being destroyed
[2021.01.29-16.00.12:077][ 76]LogSourceControl: commit successful: [main b387fac] BP_TestGit has a non connected print string to test git
[2021.01.29-16.00.12:145][ 76]SourceControl: [main b387fac] BP_TestGit has a non connected print string to test git
[2021.01.29-16.00.12:145][ 76]SourceControl:  1 file changed, 0 insertions(+), 0 deletions(-)
[2021.01.29-16.00.12:145][ 76]SourceControl:  rewrite GameJam2021/Content/ThirdPersonBP/BP_TestGit.uasset (73%)
[2021.01.29-16.00.12:153][ 76]SourceControl: Commited [main b387fac] BP_TestGit has a non connected print string to test git.
[2021.01.29-16.56.19:215][213]LogSlate: Window 'Pick Parent Class' being destroyed
[2021.01.29-16.56.32:312][985]Cmd: OBJ SAVEPACKAGE PACKAGE="/Game/ThirdPersonBP/CanYouSeeThisNico" FILE="../../../../../../GitKraken/GameJam2021/GameJam2021/Content/ThirdPersonBP/CanYouSeeThisNico.uasset" SILENT=true
[2021.01.29-16.56.32:320][985]LogSavePackage: Moving '../../../../../../GitKraken/GameJam2021/GameJam2021/Saved/CanYouSeeThisNico4DD93FC24824474A6E7687BDF22718C6.tmp' to '../../../../../../GitKraken/GameJam2021/GameJam2021/Content/ThirdPersonBP/CanYouSeeThisNico.uasset'
[2021.01.29-16.56.32:780][985]AssetCheck: New page: Asset Save: CanYouSeeThisNico
[2021.01.29-16.56.32:780][985]LogContentValidation: Display: Validating Blueprint /Game/ThirdPersonBP/CanYouSeeThisNico.CanYouSeeThisNico
[2021.01.29-16.56.39:480][382]SourceControl: fatal: D:/Program Files/Epic Games/UE_4.25/Engine/Content: 'D:/Program Files/Epic Games/UE_4.25/Engine/Content' is outside repository at 'D:/GitKraken/GameJam2021'
[2021.01.29-16.56.39:480][382]SourceControl: fatal: D:/Program Files/Epic Games/UE_4.25/Engine/Plugins/2D/Paper2D/Content: 'D:/Program Files/Epic Games/UE_4.25/Engine/Plugins/2D/Paper2D/Content' is outside repository at 'D:/GitKraken/GameJam2021'
[2021.01.29-16.56.39:480][382]SourceControl: fatal: D:/Program Files/Epic Games/UE_4.25/Engine/Plugins/Developer/AnimationSharing/Content: 'D:/Program Files/Epic Games/UE_4.25/Engine/Plugins/Developer/AnimationSharing/Content' is outside repository at 'D:/GitKraken/GameJam2021'
[2021.01.29-16.56.39:480][382]SourceControl: fatal: D:/Program Files/Epic Games/UE_4.25/Engine/Plugins/Editor/GeometryMode/Content: 'D:/Program Files/Epic Games/UE_4.25/Engine/Plugins/Editor/GeometryMode/Content' is outside repository at 'D:/GitKraken/GameJam2021'
[2021.01.29-16.56.39:480][382]SourceControl: fatal: D:/Program Files/Epic Games/UE_4.25/Engine/Plugins/Enterprise/DatasmithContent/Content: 'D:/Program Files/Epic Games/UE_4.25/Engine/Plugins/Enterprise/DatasmithContent/Content' is outside repository at 'D:/GitKraken/GameJam2021'
[2021.01.29-16.56.39:480][382]SourceControl: fatal: D:/Program Files/Epic Games/UE_4.25/Engine/Plugins/Experimental/ChaosClothEditor/Content: 'D:/Program Files/Epic Games/UE_4.25/Engine/Plugins/Experimental/ChaosClothEditor/Content' is outside repository at 'D:/GitKraken/GameJam2021'
[2021.01.29-16.56.39:480][382]SourceControl: fatal: D:/Program Files/Epic Games/UE_4.25/Engine/Plugins/Experimental/ChaosNiagara/Content: 'D:/Program Files/Epic Games/UE_4.25/Engine/Plugins/Experimental/ChaosNiagara/Content' is outside repository at 'D:/GitKraken/GameJam2021'
[2021.01.29-16.56.39:480][382]SourceControl: fatal: D:/Program Files/Epic Games/UE_4.25/Engine/Plugins/Experimental/ChaosSolverPlugin/Content: 'D:/Program Files/Epic Games/UE_4.25/Engine/Plugins/Experimental/ChaosSolverPlugin/Content' is outside repository at 'D:/GitKraken/GameJam2021'
[2021.01.29-16.56.39:480][382]SourceControl: fatal: D:/Program Files/Epic Games/UE_4.25/Engine/Plugins/Experimental/GeometryCollectionPlugin/Content: 'D:/Program Files/Epic Games/UE_4.25/Engine/Plugins/Experimental/GeometryCollectionPlugin/Content' is outside repository at 'D:/GitKraken/GameJam2021'
[2021.01.29-16.56.39:480][382]SourceControl: fatal: D:/Program Files/Epic Games/UE_4.25/Engine/Plugins/Experimental/GeometryProcessing/Content: 'D:/Program Files/Epic Games/UE_4.25/Engine/Plugins/Experimental/GeometryProcessing/Content' is outside repository at 'D:/GitKraken/GameJam2021'
[2021.01.29-16.56.39:480][382]SourceControl: fatal: D:/Program Files/Epic Games/UE_4.25/Engine/Plugins/FX/Niagara/Content: 'D:/Program Files/Epic Games/UE_4.25/Engine/Plugins/FX/Niagara/Content' is outside repository at 'D:/GitKraken/GameJam2021'
[2021.01.29-16.56.39:480][382]SourceControl: fatal: D:/Program Files/Epic Games/UE_4.25/Engine/Plugins/Lumin/MagicLeap/Content: 'D:/Program Files/Epic Games/UE_4.25/Engine/Plugins/Lumin/MagicLeap/Content' is outside repository at 'D:/GitKraken/GameJam2021'
[2021.01.29-16.56.39:480][382]SourceControl: fatal: D:/Program Files/Epic Games/UE_4.25/Engine/Plugins/Lumin/MagicLeapPassableWorld/Content: 'D:/Program Files/Epic Games/UE_4.25/Engine/Plugins/Lumin/MagicLeapPassableWorld/Content' is outside repository at 'D:/GitKraken/GameJam2021'
[2021.01.29-16.56.39:480][382]SourceControl: fatal: D:/Program Files/Epic Games/UE_4.25/Engine/Plugins/Media/MediaCompositing/Content: 'D:/Program Files/Epic Games/UE_4.25/Engine/Plugins/Media/MediaCompositing/Content' is outside repository at 'D:/GitKraken/GameJam2021'
[2021.01.29-16.56.39:480][382]SourceControl: fatal: D:/Program Files/Epic Games/UE_4.25/Engine/Plugins/MovieScene/MovieRenderPipeline/Content: 'D:/Program Files/Epic Games/UE_4.25/Engine/Plugins/MovieScene/MovieRenderPipeline/Content' is outside repository at 'D:/GitKraken/GameJam2021'
[2021.01.29-16.56.39:480][382]SourceControl: fatal: D:/Program Files/Epic Games/UE_4.25/Engine/Plugins/Runtime/Oculus/OculusVR/Content: 'D:/Program Files/Epic Games/UE_4.25/Engine/Plugins/Runtime/Oculus/OculusVR/Content' is outside repository at 'D:/GitKraken/GameJam2021'
[2021.01.29-16.56.39:480][382]SourceControl: fatal: D:/Program Files/Epic Games/UE_4.25/Engine/Plugins/Runtime/PostSplashScreen/Content: 'D:/Program Files/Epic Games/UE_4.25/Engine/Plugins/Runtime/PostSplashScreen/Content' is outside repository at 'D:/GitKraken/GameJam2021'
[2021.01.29-16.56.39:480][382]SourceControl: fatal: D:/Program Files/Epic Games/UE_4.25/Engine/Plugins/Runtime/Steam/SteamVR/Content: 'D:/Program Files/Epic Games/UE_4.25/Engine/Plugins/Runtime/Steam/SteamVR/Content' is outside repository at 'D:/GitKraken/GameJam2021'
[2021.01.29-16.56.51:838][382]LogSlate: Window 'Submit Files' being destroyed
[2021.01.29-16.56.52:403][382]LogSourceControl: commit successful: [main 521eda5] TestDuringTheNicoJoshtalk
[2021.01.29-16.56.52:469][382]SourceControl: [main 521eda5] TestDuringTheNicoJoshtalk
[2021.01.29-16.56.52:469][382]SourceControl:  1 file changed, 0 insertions(+), 0 deletions(-)
[2021.01.29-16.56.52:469][382]SourceControl:  create mode 100644 GameJam2021/Content/ThirdPersonBP/CanYouSeeThisNico.uasset
[2021.01.29-16.56.52:476][382]SourceControl: Commited [main 521eda5] TestDuringTheNicoJoshtalk.
[2021.01.29-17.05.18:687][848]LogSlate: Window 'Pick Parent Class' being destroyed
[2021.01.29-17.05.28:861][445]Cmd: OBJ SAVEPACKAGE PACKAGE="/Game/ThirdPersonBP/BranchTime" FILE="../../../../../../GitKraken/GameJam2021/GameJam2021/Content/ThirdPersonBP/BranchTime.uasset" SILENT=true
[2021.01.29-17.05.28:868][445]LogSavePackage: Moving '../../../../../../GitKraken/GameJam2021/GameJam2021/Saved/BranchTimeC09ECB8049117EDB9474ECA5B00B23FC.tmp' to '../../../../../../GitKraken/GameJam2021/GameJam2021/Content/ThirdPersonBP/BranchTime.uasset'
[2021.01.29-17.05.29:314][445]AssetCheck: New page: Asset Save: BranchTime
[2021.01.29-17.05.29:314][445]LogContentValidation: Display: Validating Blueprint /Game/ThirdPersonBP/BranchTime.BranchTime
[2021.01.29-17.05.33:218][673]SourceControl: fatal: D:/Program Files/Epic Games/UE_4.25/Engine/Content: 'D:/Program Files/Epic Games/UE_4.25/Engine/Content' is outside repository at 'D:/GitKraken/GameJam2021'
[2021.01.29-17.05.33:218][673]SourceControl: fatal: D:/Program Files/Epic Games/UE_4.25/Engine/Plugins/2D/Paper2D/Content: 'D:/Program Files/Epic Games/UE_4.25/Engine/Plugins/2D/Paper2D/Content' is outside repository at 'D:/GitKraken/GameJam2021'
[2021.01.29-17.05.33:218][673]SourceControl: fatal: D:/Program Files/Epic Games/UE_4.25/Engine/Plugins/Developer/AnimationSharing/Content: 'D:/Program Files/Epic Games/UE_4.25/Engine/Plugins/Developer/AnimationSharing/Content' is outside repository at 'D:/GitKraken/GameJam2021'
[2021.01.29-17.05.33:218][673]SourceControl: fatal: D:/Program Files/Epic Games/UE_4.25/Engine/Plugins/Editor/GeometryMode/Content: 'D:/Program Files/Epic Games/UE_4.25/Engine/Plugins/Editor/GeometryMode/Content' is outside repository at 'D:/GitKraken/GameJam2021'
[2021.01.29-17.05.33:218][673]SourceControl: fatal: D:/Program Files/Epic Games/UE_4.25/Engine/Plugins/Enterprise/DatasmithContent/Content: 'D:/Program Files/Epic Games/UE_4.25/Engine/Plugins/Enterprise/DatasmithContent/Content' is outside repository at 'D:/GitKraken/GameJam2021'
[2021.01.29-17.05.33:218][673]SourceControl: fatal: D:/Program Files/Epic Games/UE_4.25/Engine/Plugins/Experimental/ChaosClothEditor/Content: 'D:/Program Files/Epic Games/UE_4.25/Engine/Plugins/Experimental/ChaosClothEditor/Content' is outside repository at 'D:/GitKraken/GameJam2021'
[2021.01.29-17.05.33:218][673]SourceControl: fatal: D:/Program Files/Epic Games/UE_4.25/Engine/Plugins/Experimental/ChaosNiagara/Content: 'D:/Program Files/Epic Games/UE_4.25/Engine/Plugins/Experimental/ChaosNiagara/Content' is outside repository at 'D:/GitKraken/GameJam2021'
[2021.01.29-17.05.33:218][673]SourceControl: fatal: D:/Program Files/Epic Games/UE_4.25/Engine/Plugins/Experimental/ChaosSolverPlugin/Content: 'D:/Program Files/Epic Games/UE_4.25/Engine/Plugins/Experimental/ChaosSolverPlugin/Content' is outside repository at 'D:/GitKraken/GameJam2021'
[2021.01.29-17.05.33:218][673]SourceControl: fatal: D:/Program Files/Epic Games/UE_4.25/Engine/Plugins/Experimental/GeometryCollectionPlugin/Content: 'D:/Program Files/Epic Games/UE_4.25/Engine/Plugins/Experimental/GeometryCollectionPlugin/Content' is outside repository at 'D:/GitKraken/GameJam2021'
[2021.01.29-17.05.33:218][673]SourceControl: fatal: D:/Program Files/Epic Games/UE_4.25/Engine/Plugins/Experimental/GeometryProcessing/Content: 'D:/Program Files/Epic Games/UE_4.25/Engine/Plugins/Experimental/GeometryProcessing/Content' is outside repository at 'D:/GitKraken/GameJam2021'
[2021.01.29-17.05.33:218][673]SourceControl: fatal: D:/Program Files/Epic Games/UE_4.25/Engine/Plugins/FX/Niagara/Content: 'D:/Program Files/Epic Games/UE_4.25/Engine/Plugins/FX/Niagara/Content' is outside repository at 'D:/GitKraken/GameJam2021'
[2021.01.29-17.05.33:218][673]SourceControl: fatal: D:/Program Files/Epic Games/UE_4.25/Engine/Plugins/Lumin/MagicLeap/Content: 'D:/Program Files/Epic Games/UE_4.25/Engine/Plugins/Lumin/MagicLeap/Content' is outside repository at 'D:/GitKraken/GameJam2021'
[2021.01.29-17.05.33:218][673]SourceControl: fatal: D:/Program Files/Epic Games/UE_4.25/Engine/Plugins/Lumin/MagicLeapPassableWorld/Content: 'D:/Program Files/Epic Games/UE_4.25/Engine/Plugins/Lumin/MagicLeapPassableWorld/Content' is outside repository at 'D:/GitKraken/GameJam2021'
[2021.01.29-17.05.33:218][673]SourceControl: fatal: D:/Program Files/Epic Games/UE_4.25/Engine/Plugins/Media/MediaCompositing/Content: 'D:/Program Files/Epic Games/UE_4.25/Engine/Plugins/Media/MediaCompositing/Content' is outside repository at 'D:/GitKraken/GameJam2021'
[2021.01.29-17.05.33:218][673]SourceControl: fatal: D:/Program Files/Epic Games/UE_4.25/Engine/Plugins/MovieScene/MovieRenderPipeline/Content: 'D:/Program Files/Epic Games/UE_4.25/Engine/Plugins/MovieScene/MovieRenderPipeline/Content' is outside repository at 'D:/GitKraken/GameJam2021'
[2021.01.29-17.05.33:218][673]SourceControl: fatal: D:/Program Files/Epic Games/UE_4.25/Engine/Plugins/Runtime/Oculus/OculusVR/Content: 'D:/Program Files/Epic Games/UE_4.25/Engine/Plugins/Runtime/Oculus/OculusVR/Content' is outside repository at 'D:/GitKraken/GameJam2021'
[2021.01.29-17.05.33:218][673]SourceControl: fatal: D:/Program Files/Epic Games/UE_4.25/Engine/Plugins/Runtime/PostSplashScreen/Content: 'D:/Program Files/Epic Games/UE_4.25/Engine/Plugins/Runtime/PostSplashScreen/Content' is outside repository at 'D:/GitKraken/GameJam2021'
[2021.01.29-17.05.33:218][673]SourceControl: fatal: D:/Program Files/Epic Games/UE_4.25/Engine/Plugins/Runtime/Steam/SteamVR/Content: 'D:/Program Files/Epic Games/UE_4.25/Engine/Plugins/Runtime/Steam/SteamVR/Content' is outside repository at 'D:/GitKraken/GameJam2021'
[2021.01.29-17.05.49:074][673]LogSlate: Window 'Submit Files' being destroyed
[2021.01.29-17.05.49:784][673]LogSourceControl: commit successful: [TestBranch 77d3a44] TestingOutBrnachFunctions by adding branchtime
[2021.01.29-17.05.49:850][673]SourceControl: [TestBranch 77d3a44] TestingOutBrnachFunctions by adding branchtime
[2021.01.29-17.05.49:850][673]SourceControl:  1 file changed, 0 insertions(+), 0 deletions(-)
[2021.01.29-17.05.49:850][673]SourceControl:  create mode 100644 GameJam2021/Content/ThirdPersonBP/BranchTime.uasset
[2021.01.29-17.05.49:860][673]SourceControl: Commited [TestBranch 77d3a44] TestingOutBrnachFunctions by adding branchtime.
